[ 2016-06-19T10:35:08+08:00 ] 127.0.0.1 /myphp/index.php/Home/class/loadClassByPage
INFO: [ app_init ] --START--
INFO: Run Behavior\BuildLiteBehavior [ RunTime:0.001000s ]
INFO: [ app_init ] --END-- [ RunTime:0.005000s ]
INFO: [ app_begin ] --START--
INFO: Run Behavior\ReadHtmlCacheBehavior [ RunTime:0.002000s ]
INFO: [ app_begin ] --END-- [ RunTime:0.005000s ]
SQL: SHOW COLUMNS FROM `class` [ RunTime:0.2970s ]
SQL: SELECT * FROM `class` WHERE `classid` = 0 LIMIT 1   [ RunTime:0.0020s ]

[ 2016-06-19T14:00:40+08:00 ] 127.0.0.1 /myphp/index.php/Home/Menu/loadMenuByPage
INFO: [ app_init ] --START--
INFO: Run Behavior\BuildLiteBehavior [ RunTime:0.001000s ]
INFO: [ app_init ] --END-- [ RunTime:0.006000s ]
INFO: [ app_begin ] --START--
INFO: Run Behavior\ReadHtmlCacheBehavior [ RunTime:0.003000s ]
INFO: [ app_begin ] --END-- [ RunTime:0.005001s ]

[ 2016-06-19T14:05:45+08:00 ] 127.0.0.1 /myphp/index.php
INFO: [ app_init ] --START--
INFO: Run Behavior\BuildLiteBehavior [ RunTime:0.000000s ]
INFO: [ app_init ] --END-- [ RunTime:0.005000s ]
INFO: [ app_begin ] --START--
INFO: Run Behavior\ReadHtmlCacheBehavior [ RunTime:0.004000s ]
INFO: [ app_begin ] --END-- [ RunTime:0.008000s ]
INFO: [ app_end ] --START--
INFO: Run Behavior\ShowPageTraceBehavior [ RunTime:0.003000s ]
INFO: [ app_end ] --END-- [ RunTime:0.006000s ]

[ 2016-06-19T14:06:20+08:00 ] 127.0.0.1 /myphp/index.php
INFO: [ app_init ] --START--
INFO: Run Behavior\BuildLiteBehavior [ RunTime:0.001001s ]
INFO: [ app_init ] --END-- [ RunTime:0.004001s ]
INFO: [ app_begin ] --START--
INFO: Run Behavior\ReadHtmlCacheBehavior [ RunTime:0.002001s ]
INFO: [ app_begin ] --END-- [ RunTime:0.004001s ]
INFO: [ app_end ] --START--
INFO: Run Behavior\ShowPageTraceBehavior [ RunTime:0.002000s ]
INFO: [ app_end ] --END-- [ RunTime:0.004000s ]

[ 2016-06-19T14:06:46+08:00 ] 127.0.0.1 /myphp/index.php
INFO: [ app_init ] --START--
INFO: Run Behavior\BuildLiteBehavior [ RunTime:0.000000s ]
INFO: [ app_init ] --END-- [ RunTime:0.003000s ]
INFO: [ app_begin ] --START--
INFO: Run Behavior\ReadHtmlCacheBehavior [ RunTime:0.002000s ]
INFO: [ app_begin ] --END-- [ RunTime:0.004000s ]
INFO: [ app_end ] --START--
INFO: Run Behavior\ShowPageTraceBehavior [ RunTime:0.002000s ]
INFO: [ app_end ] --END-- [ RunTime:0.004000s ]

[ 2016-06-19T14:08:25+08:00 ] 127.0.0.1 /myphp/index.php
INFO: [ app_init ] --START--
INFO: Run Behavior\BuildLiteBehavior [ RunTime:0.000000s ]
INFO: [ app_init ] --END-- [ RunTime:0.004001s ]
INFO: [ app_begin ] --START--
INFO: Run Behavior\ReadHtmlCacheBehavior [ RunTime:0.002000s ]
INFO: [ app_begin ] --END-- [ RunTime:0.004001s ]
INFO: [ view_parse ] --START--
INFO: Run Behavior\ParseTemplateBehavior [ RunTime:0.005001s ]
INFO: [ view_parse ] --END-- [ RunTime:0.007001s ]
INFO: [ view_filter ] --START--
INFO: Run Behavior\WriteHtmlCacheBehavior [ RunTime:0.002000s ]
INFO: [ view_filter ] --END-- [ RunTime:0.005000s ]
INFO: [ app_end ] --START--
INFO: Run Behavior\ShowPageTraceBehavior [ RunTime:0.001000s ]
INFO: [ app_end ] --END-- [ RunTime:0.004000s ]

[ 2016-06-19T15:27:22+08:00 ] 127.0.0.1 /myphp/index.php/Home/User/login
INFO: [ app_init ] --START--
INFO: Run Behavior\BuildLiteBehavior [ RunTime:0.001000s ]
INFO: [ app_init ] --END-- [ RunTime:0.006000s ]
INFO: [ app_begin ] --START--
INFO: Run Behavior\ReadHtmlCacheBehavior [ RunTime:0.004000s ]
INFO: [ app_begin ] --END-- [ RunTime:0.006000s ]
INFO: [ app_end ] --START--
INFO: Run Behavior\ShowPageTraceBehavior [ RunTime:0.002000s ]
INFO: [ app_end ] --END-- [ RunTime:0.004000s ]

[ 2016-06-19T15:50:11+08:00 ] 127.0.0.1 /myphp/index.php/Home/class/loadClassByPage
INFO: [ app_init ] --START--
INFO: Run Behavior\BuildLiteBehavior [ RunTime:0.001000s ]
INFO: [ app_init ] --END-- [ RunTime:0.003000s ]
INFO: [ app_begin ] --START--
INFO: Run Behavior\ReadHtmlCacheBehavior [ RunTime:0.002000s ]
INFO: [ app_begin ] --END-- [ RunTime:0.004000s ]
SQL: SHOW COLUMNS FROM `class` [ RunTime:0.1420s ]
ERR: 1054:Unknown column 'c.headerid' in 'where clause'
 [ SQL语句 ] : select count(*) as cc from class c,tb_user u1,tb_user u2 where c.headerid=u1.uid and u2.uid=c.managerid 
ERR: 1054:Unknown column 'c.headerid' in 'where clause'
 [ SQL语句 ] : select count(*) as cc from class c,tb_user u1,tb_user u2 where c.headerid=u1.uid and u2.uid=c.managerid 
NOTIC: [2] Cannot modify header information - headers already sent by (output started at D:\phpapp\myphp\ThinkPHP\Library\Think\Db\Driver.class.php:170) D:\phpapp\myphp\ThinkPHP\Library\Think\Think.class.php 第 229 行.
NOTIC: [2] Cannot modify header information - headers already sent by (output started at D:\phpapp\myphp\ThinkPHP\Library\Think\Db\Driver.class.php:170) D:\phpapp\myphp\ThinkPHP\Library\Think\Think.class.php 第 230 行.

[ 2016-06-19T16:11:41+08:00 ] 127.0.0.1 /myphp/index.php/Home/User/login
INFO: [ app_init ] --START--
INFO: Run Behavior\BuildLiteBehavior [ RunTime:0.000000s ]
INFO: [ app_init ] --END-- [ RunTime:0.004000s ]
INFO: [ app_begin ] --START--
INFO: Run Behavior\ReadHtmlCacheBehavior [ RunTime:0.002000s ]
INFO: [ app_begin ] --END-- [ RunTime:0.005000s ]
INFO: [ app_end ] --START--
INFO: Run Behavior\ShowPageTraceBehavior [ RunTime:0.002000s ]
INFO: [ app_end ] --END-- [ RunTime:0.004000s ]

[ 2016-06-19T16:12:38+08:00 ] 127.0.0.1 /myphp/index.php/Home/User/login
INFO: [ app_init ] --START--
INFO: Run Behavior\BuildLiteBehavior [ RunTime:0.000000s ]
INFO: [ app_init ] --END-- [ RunTime:0.004000s ]
INFO: [ app_begin ] --START--
INFO: Run Behavior\ReadHtmlCacheBehavior [ RunTime:0.002000s ]
INFO: [ app_begin ] --END-- [ RunTime:0.004000s ]
INFO: [ app_end ] --START--
INFO: Run Behavior\ShowPageTraceBehavior [ RunTime:0.002000s ]
INFO: [ app_end ] --END-- [ RunTime:0.005000s ]

[ 2016-06-19T16:15:26+08:00 ] 127.0.0.1 /myphp/index.php/Home/User/login
INFO: [ app_init ] --START--
INFO: Run Behavior\BuildLiteBehavior [ RunTime:0.001000s ]
INFO: [ app_init ] --END-- [ RunTime:0.004000s ]
INFO: [ app_begin ] --START--
INFO: Run Behavior\ReadHtmlCacheBehavior [ RunTime:0.002000s ]
INFO: [ app_begin ] --END-- [ RunTime:0.004000s ]
INFO: [ app_end ] --START--
INFO: Run Behavior\ShowPageTraceBehavior [ RunTime:0.003000s ]
INFO: [ app_end ] --END-- [ RunTime:0.007001s ]

[ 2016-06-19T16:36:05+08:00 ] 127.0.0.1 /myphp/index.php/Home/User/login
INFO: [ app_init ] --START--
INFO: Run Behavior\BuildLiteBehavior [ RunTime:0.000000s ]
INFO: [ app_init ] --END-- [ RunTime:0.005000s ]
INFO: [ app_begin ] --START--
INFO: Run Behavior\ReadHtmlCacheBehavior [ RunTime:0.004000s ]
INFO: [ app_begin ] --END-- [ RunTime:0.006000s ]
INFO: [ app_end ] --START--
INFO: Run Behavior\ShowPageTraceBehavior [ RunTime:0.002000s ]
INFO: [ app_end ] --END-- [ RunTime:0.004000s ]

[ 2016-06-19T16:38:52+08:00 ] 127.0.0.1 /myphp/index.php/Home/User/login
INFO: [ app_init ] --START--
INFO: Run Behavior\BuildLiteBehavior [ RunTime:0.000000s ]
INFO: [ app_init ] --END-- [ RunTime:0.005000s ]
INFO: [ app_begin ] --START--
INFO: Run Behavior\ReadHtmlCacheBehavior [ RunTime:0.001000s ]
INFO: [ app_begin ] --END-- [ RunTime:0.005000s ]
INFO: [ app_end ] --START--
INFO: Run Behavior\ShowPageTraceBehavior [ RunTime:0.004000s ]
INFO: [ app_end ] --END-- [ RunTime:0.006000s ]

[ 2016-06-19T16:39:55+08:00 ] 127.0.0.1 /myphp/index.php/Home/User/login
INFO: [ app_init ] --START--
INFO: Run Behavior\BuildLiteBehavior [ RunTime:0.001000s ]
INFO: [ app_init ] --END-- [ RunTime:0.004001s ]
INFO: [ app_begin ] --START--
INFO: Run Behavior\ReadHtmlCacheBehavior [ RunTime:0.002000s ]
INFO: [ app_begin ] --END-- [ RunTime:0.006000s ]
INFO: [ app_end ] --START--
INFO: Run Behavior\ShowPageTraceBehavior [ RunTime:0.003000s ]
INFO: [ app_end ] --END-- [ RunTime:0.006000s ]

[ 2016-06-19T16:54:31+08:00 ] 127.0.0.1 /myphp/index.php/Home/User/login
INFO: [ app_init ] --START--
INFO: Run Behavior\BuildLiteBehavior [ RunTime:0.001000s ]
INFO: [ app_init ] --END-- [ RunTime:0.007000s ]
INFO: [ app_begin ] --START--
INFO: Run Behavior\ReadHtmlCacheBehavior [ RunTime:0.001001s ]
INFO: [ app_begin ] --END-- [ RunTime:0.004001s ]
INFO: [ app_end ] --START--
INFO: Run Behavior\ShowPageTraceBehavior [ RunTime:0.002000s ]
INFO: [ app_end ] --END-- [ RunTime:0.004000s ]

[ 2016-06-19T16:56:04+08:00 ] 127.0.0.1 /myphp/index.php/Home/User/login
INFO: [ app_init ] --START--
INFO: Run Behavior\BuildLiteBehavior [ RunTime:0.001000s ]
INFO: [ app_init ] --END-- [ RunTime:0.008000s ]
INFO: [ app_begin ] --START--
INFO: Run Behavior\ReadHtmlCacheBehavior [ RunTime:0.002001s ]
INFO: [ app_begin ] --END-- [ RunTime:0.005001s ]
INFO: [ app_end ] --START--
INFO: Run Behavior\ShowPageTraceBehavior [ RunTime:0.002000s ]
INFO: [ app_end ] --END-- [ RunTime:0.005000s ]

[ 2016-06-19T17:00:15+08:00 ] 127.0.0.1 /myphp/index.php/Home/User/login
INFO: [ app_init ] --START--
INFO: Run Behavior\BuildLiteBehavior [ RunTime:0.001000s ]
INFO: [ app_init ] --END-- [ RunTime:0.005000s ]
INFO: [ app_begin ] --START--
INFO: Run Behavior\ReadHtmlCacheBehavior [ RunTime:0.002000s ]
INFO: [ app_begin ] --END-- [ RunTime:0.004000s ]
INFO: [ app_end ] --START--
INFO: Run Behavior\ShowPageTraceBehavior [ RunTime:0.003001s ]
INFO: [ app_end ] --END-- [ RunTime:0.005001s ]

[ 2016-06-19T17:02:16+08:00 ] 127.0.0.1 /myphp/index.php/Home/User/login
INFO: [ app_init ] --START--
INFO: Run Behavior\BuildLiteBehavior [ RunTime:0.000000s ]
INFO: [ app_init ] --END-- [ RunTime:0.000000s ]
INFO: [ app_begin ] --START--
INFO: Run Behavior\ReadHtmlCacheBehavior [ RunTime:0.000000s ]
INFO: [ app_begin ] --END-- [ RunTime:0.000000s ]
INFO: [ app_end ] --START--
INFO: Run Behavior\ShowPageTraceBehavior [ RunTime:0.002000s ]
INFO: [ app_end ] --END-- [ RunTime:0.005000s ]

[ 2016-06-19T17:07:16+08:00 ] 127.0.0.1 /myphp/index.php/Home/menuMange
INFO: [ app_init ] --START--
INFO: Run Behavior\BuildLiteBehavior [ RunTime:0.000000s ]
INFO: [ app_init ] --END-- [ RunTime:0.000000s ]
INFO: [ app_begin ] --START--
INFO: Run Behavior\ReadHtmlCacheBehavior [ RunTime:0.000000s ]
INFO: [ app_begin ] --END-- [ RunTime:0.000000s ]
ERR: 无法加载控制器:MenuMange

[ 2016-06-19T17:13:38+08:00 ] 127.0.0.1 /myphp/index.php/Home/User/login
INFO: [ app_init ] --START--
INFO: Run Behavior\BuildLiteBehavior [ RunTime:0.000000s ]
INFO: [ app_init ] --END-- [ RunTime:0.003000s ]
INFO: [ app_begin ] --START--
INFO: Run Behavior\ReadHtmlCacheBehavior [ RunTime:0.003000s ]
INFO: [ app_begin ] --END-- [ RunTime:0.006000s ]
INFO: [ app_end ] --START--
INFO: Run Behavior\ShowPageTraceBehavior [ RunTime:0.002000s ]
INFO: [ app_end ] --END-- [ RunTime:0.007001s ]

[ 2016-06-19T17:13:41+08:00 ] 127.0.0.1 /myphp/index.php/Home/classMange
INFO: [ app_init ] --START--
INFO: Run Behavior\BuildLiteBehavior [ RunTime:0.000000s ]
INFO: [ app_init ] --END-- [ RunTime:0.003000s ]
INFO: [ app_begin ] --START--
INFO: Run Behavior\ReadHtmlCacheBehavior [ RunTime:0.002000s ]
INFO: [ app_begin ] --END-- [ RunTime:0.004000s ]
ERR: 无法加载控制器:ClassMange

[ 2016-06-19T17:18:07+08:00 ] 127.0.0.1 /myphp/index.php/Home/classMange
INFO: [ app_init ] --START--
INFO: Run Behavior\BuildLiteBehavior [ RunTime:0.000000s ]
INFO: [ app_init ] --END-- [ RunTime:0.000000s ]
INFO: [ app_begin ] --START--
INFO: Run Behavior\ReadHtmlCacheBehavior [ RunTime:0.000000s ]
INFO: [ app_begin ] --END-- [ RunTime:0.000000s ]
ERR: 无法加载控制器:ClassMange

[ 2016-06-19T17:18:29+08:00 ] 127.0.0.1 /myphp/index.php/Home/classMange
INFO: [ app_init ] --START--
INFO: Run Behavior\BuildLiteBehavior [ RunTime:0.000000s ]
INFO: [ app_init ] --END-- [ RunTime:0.000000s ]
INFO: [ app_begin ] --START--
INFO: Run Behavior\ReadHtmlCacheBehavior [ RunTime:0.000000s ]
INFO: [ app_begin ] --END-- [ RunTime:0.015600s ]
ERR: 无法加载控制器:ClassMange

[ 2016-06-19T17:19:55+08:00 ] 127.0.0.1 /myphp/index.php/Home/classMange
INFO: [ app_init ] --START--
INFO: Run Behavior\BuildLiteBehavior [ RunTime:0.000000s ]
INFO: [ app_init ] --END-- [ RunTime:0.000000s ]
INFO: [ app_begin ] --START--
INFO: Run Behavior\ReadHtmlCacheBehavior [ RunTime:0.000000s ]
INFO: [ app_begin ] --END-- [ RunTime:0.000000s ]
ERR: 无法加载控制器:ClassMange

[ 2016-06-19T17:20:11+08:00 ] 127.0.0.1 /myphp/index.php/Home/User/login
INFO: [ app_init ] --START--
INFO: Run Behavior\BuildLiteBehavior [ RunTime:0.000000s ]
INFO: [ app_init ] --END-- [ RunTime:0.004000s ]
INFO: [ app_begin ] --START--
INFO: Run Behavior\ReadHtmlCacheBehavior [ RunTime:0.002001s ]
INFO: [ app_begin ] --END-- [ RunTime:0.005001s ]
INFO: [ app_end ] --START--
INFO: Run Behavior\ShowPageTraceBehavior [ RunTime:0.005000s ]
INFO: [ app_end ] --END-- [ RunTime:0.007000s ]

[ 2016-06-19T17:20:15+08:00 ] 127.0.0.1 /myphp/index.php/Home/Class/classMange
INFO: [ app_init ] --START--
INFO: Run Behavior\BuildLiteBehavior [ RunTime:0.000000s ]
INFO: [ app_init ] --END-- [ RunTime:0.003000s ]
INFO: [ app_begin ] --START--
INFO: Run Behavior\ReadHtmlCacheBehavior [ RunTime:0.002000s ]
INFO: [ app_begin ] --END-- [ RunTime:0.004001s ]
SQL: SHOW COLUMNS FROM `class` [ RunTime:0.0290s ]
INFO: [ view_parse ] --START--
INFO: [ template_filter ] --START--
INFO: Run Behavior\ContentReplaceBehavior [ RunTime:0.001000s ]
INFO: [ template_filter ] --END-- [ RunTime:0.004000s ]
INFO: Run Behavior\ParseTemplateBehavior [ RunTime:0.041002s ]
INFO: [ view_parse ] --END-- [ RunTime:0.044002s ]
INFO: [ view_filter ] --START--
INFO: Run Behavior\WriteHtmlCacheBehavior [ RunTime:0.002000s ]
INFO: [ view_filter ] --END-- [ RunTime:0.004000s ]
INFO: [ app_end ] --START--
INFO: Run Behavior\ShowPageTraceBehavior [ RunTime:0.002000s ]
INFO: [ app_end ] --END-- [ RunTime:0.005000s ]

[ 2016-06-19T17:20:49+08:00 ] 127.0.0.1 /myphp/index.php/Home/Class/classMange
INFO: [ app_init ] --START--
INFO: Run Behavior\BuildLiteBehavior [ RunTime:0.000000s ]
INFO: [ app_init ] --END-- [ RunTime:0.004001s ]
INFO: [ app_begin ] --START--
INFO: Run Behavior\ReadHtmlCacheBehavior [ RunTime:0.003000s ]
INFO: [ app_begin ] --END-- [ RunTime:0.005000s ]
SQL: SHOW COLUMNS FROM `class` [ RunTime:0.0280s ]
INFO: [ view_parse ] --START--
INFO: [ template_filter ] --START--
INFO: Run Behavior\ContentReplaceBehavior [ RunTime:0.001000s ]
INFO: [ template_filter ] --END-- [ RunTime:0.003000s ]
INFO: Run Behavior\ParseTemplateBehavior [ RunTime:0.040002s ]
INFO: [ view_parse ] --END-- [ RunTime:0.043003s ]
INFO: [ view_filter ] --START--
INFO: Run Behavior\WriteHtmlCacheBehavior [ RunTime:0.003000s ]
INFO: [ view_filter ] --END-- [ RunTime:0.005000s ]
INFO: [ app_end ] --START--
INFO: Run Behavior\ShowPageTraceBehavior [ RunTime:0.002000s ]
INFO: [ app_end ] --END-- [ RunTime:0.008001s ]

[ 2016-06-19T17:22:00+08:00 ] 127.0.0.1 /myphp/index.php/Home/Class/classMange
INFO: [ app_init ] --START--
INFO: Run Behavior\BuildLiteBehavior [ RunTime:0.000000s ]
INFO: [ app_init ] --END-- [ RunTime:0.000000s ]
INFO: [ app_begin ] --START--
INFO: Run Behavior\ReadHtmlCacheBehavior [ RunTime:0.002000s ]
INFO: [ app_begin ] --END-- [ RunTime:0.004001s ]
SQL: SHOW COLUMNS FROM `class` [ RunTime:0.0176s ]
INFO: [ view_parse ] --START--
INFO: [ template_filter ] --START--
INFO: Run Behavior\ContentReplaceBehavior [ RunTime:0.000000s ]
INFO: [ template_filter ] --END-- [ RunTime:0.016600s ]
INFO: Run Behavior\ParseTemplateBehavior [ RunTime:0.050800s ]
INFO: [ view_parse ] --END-- [ RunTime:0.050800s ]
INFO: [ view_filter ] --START--
INFO: Run Behavior\WriteHtmlCacheBehavior [ RunTime:0.000000s ]
INFO: [ view_filter ] --END-- [ RunTime:0.000000s ]
INFO: [ app_end ] --START--
INFO: Run Behavior\ShowPageTraceBehavior [ RunTime:0.000000s ]
INFO: [ app_end ] --END-- [ RunTime:0.000000s ]

[ 2016-06-19T17:24:43+08:00 ] 127.0.0.1 /myphp/index.php/Home/Class/classMange
INFO: [ app_init ] --START--
INFO: Run Behavior\BuildLiteBehavior [ RunTime:0.000000s ]
INFO: [ app_init ] --END-- [ RunTime:0.001000s ]
INFO: [ app_begin ] --START--
INFO: Run Behavior\ReadHtmlCacheBehavior [ RunTime:0.002000s ]
INFO: [ app_begin ] --END-- [ RunTime:0.004000s ]
SQL: SHOW COLUMNS FROM `class` [ RunTime:0.0226s ]
INFO: [ view_parse ] --START--
INFO: [ template_filter ] --START--
INFO: Run Behavior\ContentReplaceBehavior [ RunTime:0.015600s ]
INFO: [ template_filter ] --END-- [ RunTime:0.016600s ]
INFO: Run Behavior\ParseTemplateBehavior [ RunTime:0.036200s ]
INFO: [ view_parse ] --END-- [ RunTime:0.037200s ]
INFO: [ view_filter ] --START--
INFO: Run Behavior\WriteHtmlCacheBehavior [ RunTime:0.000000s ]
INFO: [ view_filter ] --END-- [ RunTime:0.000000s ]
INFO: [ app_end ] --START--
INFO: Run Behavior\ShowPageTraceBehavior [ RunTime:0.015600s ]
INFO: [ app_end ] --END-- [ RunTime:0.015600s ]

[ 2016-06-19T17:25:03+08:00 ] 127.0.0.1 /myphp/index.php/Home/User/login
INFO: [ app_init ] --START--
INFO: Run Behavior\BuildLiteBehavior [ RunTime:0.001000s ]
INFO: [ app_init ] --END-- [ RunTime:0.005001s ]
INFO: [ app_begin ] --START--
INFO: Run Behavior\ReadHtmlCacheBehavior [ RunTime:0.003000s ]
INFO: [ app_begin ] --END-- [ RunTime:0.006000s ]
INFO: [ app_end ] --START--
INFO: Run Behavior\ShowPageTraceBehavior [ RunTime:0.004000s ]
INFO: [ app_end ] --END-- [ RunTime:0.007000s ]

[ 2016-06-19T17:25:06+08:00 ] 127.0.0.1 /myphp/index.php/Home/Class/classMange
INFO: [ app_init ] --START--
INFO: Run Behavior\BuildLiteBehavior [ RunTime:0.001000s ]
INFO: [ app_init ] --END-- [ RunTime:0.005000s ]
INFO: [ app_begin ] --START--
INFO: Run Behavior\ReadHtmlCacheBehavior [ RunTime:0.002000s ]
INFO: [ app_begin ] --END-- [ RunTime:0.004000s ]
SQL: SHOW COLUMNS FROM `class` [ RunTime:0.0160s ]
INFO: [ view_parse ] --START--
INFO: [ template_filter ] --START--
INFO: Run Behavior\ContentReplaceBehavior [ RunTime:0.001000s ]
INFO: [ template_filter ] --END-- [ RunTime:0.003000s ]
INFO: Run Behavior\ParseTemplateBehavior [ RunTime:0.042002s ]
INFO: [ view_parse ] --END-- [ RunTime:0.046002s ]
INFO: [ view_filter ] --START--
INFO: Run Behavior\WriteHtmlCacheBehavior [ RunTime:0.001000s ]
INFO: [ view_filter ] --END-- [ RunTime:0.004001s ]
INFO: [ app_end ] --START--
INFO: Run Behavior\ShowPageTraceBehavior [ RunTime:0.006000s ]
INFO: [ app_end ] --END-- [ RunTime:0.010000s ]

[ 2016-06-19T17:25:13+08:00 ] 127.0.0.1 /myphp/index.php/Home/Class/classMange
INFO: [ app_init ] --START--
INFO: Run Behavior\BuildLiteBehavior [ RunTime:0.001001s ]
INFO: [ app_init ] --END-- [ RunTime:0.003001s ]
INFO: [ app_begin ] --START--
INFO: Run Behavior\ReadHtmlCacheBehavior [ RunTime:0.002000s ]
INFO: [ app_begin ] --END-- [ RunTime:0.005000s ]
SQL: SHOW COLUMNS FROM `class` [ RunTime:0.0210s ]
INFO: [ view_parse ] --START--
INFO: [ template_filter ] --START--
INFO: Run Behavior\ContentReplaceBehavior [ RunTime:0.001000s ]
INFO: [ template_filter ] --END-- [ RunTime:0.003001s ]
INFO: Run Behavior\ParseTemplateBehavior [ RunTime:0.037002s ]
INFO: [ view_parse ] --END-- [ RunTime:0.039002s ]
INFO: [ view_filter ] --START--
INFO: Run Behavior\WriteHtmlCacheBehavior [ RunTime:0.001000s ]
INFO: [ view_filter ] --END-- [ RunTime:0.003000s ]
INFO: [ app_end ] --START--
INFO: Run Behavior\ShowPageTraceBehavior [ RunTime:0.001000s ]
INFO: [ app_end ] --END-- [ RunTime:0.005001s ]

[ 2016-06-19T17:25:44+08:00 ] 127.0.0.1 /myphp/index.php/Home/Class/classMange
INFO: [ app_init ] --START--
INFO: Run Behavior\BuildLiteBehavior [ RunTime:0.000000s ]
INFO: [ app_init ] --END-- [ RunTime:0.004000s ]
INFO: [ app_begin ] --START--
INFO: Run Behavior\ReadHtmlCacheBehavior [ RunTime:0.002000s ]
INFO: [ app_begin ] --END-- [ RunTime:0.006000s ]
SQL: SHOW COLUMNS FROM `class` [ RunTime:0.0280s ]
INFO: [ view_parse ] --START--
INFO: [ template_filter ] --START--
INFO: Run Behavior\ContentReplaceBehavior [ RunTime:0.001000s ]
INFO: [ template_filter ] --END-- [ RunTime:0.003000s ]
INFO: Run Behavior\ParseTemplateBehavior [ RunTime:0.037002s ]
INFO: [ view_parse ] --END-- [ RunTime:0.040002s ]
INFO: [ view_filter ] --START--
INFO: Run Behavior\WriteHtmlCacheBehavior [ RunTime:0.001000s ]
INFO: [ view_filter ] --END-- [ RunTime:0.003000s ]
INFO: [ app_end ] --START--
INFO: Run Behavior\ShowPageTraceBehavior [ RunTime:0.004000s ]
INFO: [ app_end ] --END-- [ RunTime:0.006000s ]

[ 2016-06-19T17:34:38+08:00 ] 127.0.0.1 /myphp/index.php/Home/Class/classMange
INFO: [ app_init ] --START--
INFO: Run Behavior\BuildLiteBehavior [ RunTime:0.000000s ]
INFO: [ app_init ] --END-- [ RunTime:0.000000s ]
INFO: [ app_begin ] --START--
INFO: Run Behavior\ReadHtmlCacheBehavior [ RunTime:0.000000s ]
INFO: [ app_begin ] --END-- [ RunTime:0.000000s ]
SQL: SHOW COLUMNS FROM `class` [ RunTime:0.0306s ]
INFO: [ view_parse ] --START--
INFO: [ template_filter ] --START--
INFO: Run Behavior\ContentReplaceBehavior [ RunTime:0.001000s ]
INFO: [ template_filter ] --END-- [ RunTime:0.003000s ]
INFO: Run Behavior\ParseTemplateBehavior [ RunTime:0.059201s ]
INFO: [ view_parse ] --END-- [ RunTime:0.061202s ]
INFO: [ view_filter ] --START--
INFO: Run Behavior\WriteHtmlCacheBehavior [ RunTime:0.002000s ]
INFO: [ view_filter ] --END-- [ RunTime:0.004000s ]
INFO: [ app_end ] --START--
INFO: Run Behavior\ShowPageTraceBehavior [ RunTime:0.000000s ]
INFO: [ app_end ] --END-- [ RunTime:0.001000s ]

[ 2016-06-19T17:42:56+08:00 ] 127.0.0.1 /myphp/index.php/Home/Class/classMange
INFO: [ app_init ] --START--
INFO: Run Behavior\BuildLiteBehavior [ RunTime:0.000000s ]
INFO: [ app_init ] --END-- [ RunTime:0.017600s ]
INFO: [ app_begin ] --START--
INFO: Run Behavior\ReadHtmlCacheBehavior [ RunTime:0.000000s ]
INFO: [ app_begin ] --END-- [ RunTime:0.015600s ]
SQL: SHOW COLUMNS FROM `class` [ RunTime:0.0322s ]
INFO: [ view_parse ] --START--
INFO: [ template_filter ] --START--
INFO: Run Behavior\ContentReplaceBehavior [ RunTime:0.000000s ]
INFO: [ template_filter ] --END-- [ RunTime:0.000000s ]
INFO: Run Behavior\ParseTemplateBehavior [ RunTime:0.033201s ]
INFO: [ view_parse ] --END-- [ RunTime:0.033201s ]
INFO: [ view_filter ] --START--
INFO: Run Behavior\WriteHtmlCacheBehavior [ RunTime:0.000000s ]
INFO: [ view_filter ] --END-- [ RunTime:0.015600s ]
INFO: [ app_end ] --START--
INFO: Run Behavior\ShowPageTraceBehavior [ RunTime:0.000000s ]
INFO: [ app_end ] --END-- [ RunTime:0.000000s ]

[ 2016-06-19T17:42:58+08:00 ] 127.0.0.1 /myphp/index.php/Home/Class/loadClassByPage?pageNo=1&pageSize=10&page=1&rows=10
INFO: [ app_init ] --START--
INFO: Run Behavior\BuildLiteBehavior [ RunTime:0.000000s ]
INFO: [ app_init ] --END-- [ RunTime:0.003000s ]
INFO: [ app_begin ] --START--
INFO: Run Behavior\ReadHtmlCacheBehavior [ RunTime:0.002000s ]
INFO: [ app_begin ] --END-- [ RunTime:0.003001s ]
SQL: SHOW COLUMNS FROM `class` [ RunTime:0.0110s ]
ERR: 1054:Unknown column 'c.headerid' in 'where clause'
 [ SQL语句 ] : select count(*) as cc from class c,tb_user u1,tb_user u2 where c.headerid=u1.uid and u2.uid=c.managerid 
ERR: 1054:Unknown column 'c.headerid' in 'where clause'
 [ SQL语句 ] : select count(*) as cc from class c,tb_user u1,tb_user u2 where c.headerid=u1.uid and u2.uid=c.managerid 
NOTIC: [2] Cannot modify header information - headers already sent by (output started at D:\phpapp\myphp\ThinkPHP\Library\Think\Db\Driver.class.php:170) D:\phpapp\myphp\ThinkPHP\Library\Think\Think.class.php 第 229 行.
NOTIC: [2] Cannot modify header information - headers already sent by (output started at D:\phpapp\myphp\ThinkPHP\Library\Think\Db\Driver.class.php:170) D:\phpapp\myphp\ThinkPHP\Library\Think\Think.class.php 第 230 行.

[ 2016-06-19T17:43:06+08:00 ] 127.0.0.1 /myphp/index.php/Home/Class/classMange
INFO: [ app_init ] --START--
INFO: Run Behavior\BuildLiteBehavior [ RunTime:0.000000s ]
INFO: [ app_init ] --END-- [ RunTime:0.000000s ]
INFO: [ app_begin ] --START--
INFO: Run Behavior\ReadHtmlCacheBehavior [ RunTime:0.002000s ]
INFO: [ app_begin ] --END-- [ RunTime:0.003000s ]
SQL: SHOW COLUMNS FROM `class` [ RunTime:0.0280s ]
INFO: [ view_parse ] --START--
INFO: [ template_filter ] --START--
INFO: Run Behavior\ContentReplaceBehavior [ RunTime:0.000000s ]
INFO: [ template_filter ] --END-- [ RunTime:0.000000s ]
INFO: Run Behavior\ParseTemplateBehavior [ RunTime:0.039200s ]
INFO: [ view_parse ] --END-- [ RunTime:0.041200s ]
INFO: [ view_filter ] --START--
INFO: Run Behavior\WriteHtmlCacheBehavior [ RunTime:0.000000s ]
INFO: [ view_filter ] --END-- [ RunTime:0.000000s ]
INFO: [ app_end ] --START--
INFO: Run Behavior\ShowPageTraceBehavior [ RunTime:0.000000s ]
INFO: [ app_end ] --END-- [ RunTime:0.000000s ]

[ 2016-06-19T17:43:08+08:00 ] 127.0.0.1 /myphp/index.php/Home/Class/loadClassByPage?pageNo=1&pageSize=10&page=1&rows=10
INFO: [ app_init ] --START--
INFO: Run Behavior\BuildLiteBehavior [ RunTime:0.015600s ]
INFO: [ app_init ] --END-- [ RunTime:0.015600s ]
INFO: [ app_begin ] --START--
INFO: Run Behavior\ReadHtmlCacheBehavior [ RunTime:0.000000s ]
INFO: [ app_begin ] --END-- [ RunTime:0.000000s ]
SQL: SHOW COLUMNS FROM `class` [ RunTime:0.0120s ]
ERR: 1054:Unknown column 'c.headerid' in 'where clause'
 [ SQL语句 ] : select count(*) as cc from class c,tb_user u1,tb_user u2 where c.headerid=u1.uid and u2.uid=c.managerid 
ERR: 1054:Unknown column 'c.headerid' in 'where clause'
 [ SQL语句 ] : select count(*) as cc from class c,tb_user u1,tb_user u2 where c.headerid=u1.uid and u2.uid=c.managerid 
NOTIC: [2] Cannot modify header information - headers already sent by (output started at D:\phpapp\myphp\ThinkPHP\Library\Think\Db\Driver.class.php:170) D:\phpapp\myphp\ThinkPHP\Library\Think\Think.class.php 第 229 行.
NOTIC: [2] Cannot modify header information - headers already sent by (output started at D:\phpapp\myphp\ThinkPHP\Library\Think\Db\Driver.class.php:170) D:\phpapp\myphp\ThinkPHP\Library\Think\Think.class.php 第 230 行.

[ 2016-06-19T17:44:33+08:00 ] 127.0.0.1 /myphp/index.php/Home/Class/classMange
INFO: [ app_init ] --START--
INFO: Run Behavior\BuildLiteBehavior [ RunTime:0.000000s ]
INFO: [ app_init ] --END-- [ RunTime:0.003000s ]
INFO: [ app_begin ] --START--
INFO: Run Behavior\ReadHtmlCacheBehavior [ RunTime:0.003000s ]
INFO: [ app_begin ] --END-- [ RunTime:0.005000s ]
SQL: SHOW COLUMNS FROM `class` [ RunTime:0.0370s ]
INFO: [ view_parse ] --START--
INFO: [ template_filter ] --START--
INFO: Run Behavior\ContentReplaceBehavior [ RunTime:0.001000s ]
INFO: [ template_filter ] --END-- [ RunTime:0.004000s ]
INFO: Run Behavior\ParseTemplateBehavior [ RunTime:0.049201s ]
INFO: [ view_parse ] --END-- [ RunTime:0.051201s ]
INFO: [ view_filter ] --START--
INFO: Run Behavior\WriteHtmlCacheBehavior [ RunTime:0.001000s ]
INFO: [ view_filter ] --END-- [ RunTime:0.004001s ]
INFO: [ app_end ] --START--
INFO: Run Behavior\ShowPageTraceBehavior [ RunTime:0.002000s ]
INFO: [ app_end ] --END-- [ RunTime:0.004000s ]

[ 2016-06-19T17:44:35+08:00 ] 127.0.0.1 /myphp/index.php/Home/Class/loadClassByPage?pageNo=1&pageSize=10&page=1&rows=10
INFO: [ app_init ] --START--
INFO: Run Behavior\BuildLiteBehavior [ RunTime:0.000000s ]
INFO: [ app_init ] --END-- [ RunTime:0.002001s ]
INFO: [ app_begin ] --START--
INFO: Run Behavior\ReadHtmlCacheBehavior [ RunTime:0.000000s ]
INFO: [ app_begin ] --END-- [ RunTime:0.000000s ]
SQL: SHOW COLUMNS FROM `class` [ RunTime:0.0050s ]
SQL: select count(*) as cc from class c,tb_user u1,tb_user u2 where c.headmaster=u1.uid and u2.uid=c.projectmanager  [ RunTime:0.0000s ]
ERR: 1054:Unknown column 'c.cid' in 'field list'
 [ SQL语句 ] : select c.cid,c.name,c.classtype,c.status,
            c.estatime,c.starttime,c.gradtime,u1.truename headmaster,
            u2.trueName projectmanager,c.remarks,c.porson from class c,tb_user u1,tb_user u2 where c.headmaster=u1.uid and u2.uid=c.projectmanager  limit 0,10
ERR: 1054:Unknown column 'c.cid' in 'field list'
 [ SQL语句 ] : select c.cid,c.name,c.classtype,c.status,
            c.estatime,c.starttime,c.gradtime,u1.truename headmaster,
            u2.trueName projectmanager,c.remarks,c.porson from class c,tb_user u1,tb_user u2 where c.headmaster=u1.uid and u2.uid=c.projectmanager  limit 0,10
NOTIC: [2] Cannot modify header information - headers already sent by (output started at D:\phpapp\myphp\ThinkPHP\Library\Think\Db\Driver.class.php:170) D:\phpapp\myphp\ThinkPHP\Library\Think\Think.class.php 第 229 行.
NOTIC: [2] Cannot modify header information - headers already sent by (output started at D:\phpapp\myphp\ThinkPHP\Library\Think\Db\Driver.class.php:170) D:\phpapp\myphp\ThinkPHP\Library\Think\Think.class.php 第 230 行.

[ 2016-06-19T17:44:42+08:00 ] 127.0.0.1 /myphp/index.php/Home/Class/classMange
INFO: [ app_init ] --START--
INFO: Run Behavior\BuildLiteBehavior [ RunTime:0.000000s ]
INFO: [ app_init ] --END-- [ RunTime:0.000000s ]
INFO: [ app_begin ] --START--
INFO: Run Behavior\ReadHtmlCacheBehavior [ RunTime:0.002000s ]
INFO: [ app_begin ] --END-- [ RunTime:0.004000s ]
SQL: SHOW COLUMNS FROM `class` [ RunTime:0.0336s ]
INFO: [ view_parse ] --START--
INFO: [ template_filter ] --START--
INFO: Run Behavior\ContentReplaceBehavior [ RunTime:0.001000s ]
INFO: [ template_filter ] --END-- [ RunTime:0.004000s ]
INFO: Run Behavior\ParseTemplateBehavior [ RunTime:0.049201s ]
INFO: [ view_parse ] --END-- [ RunTime:0.050201s ]
INFO: [ view_filter ] --START--
INFO: Run Behavior\WriteHtmlCacheBehavior [ RunTime:0.001000s ]
INFO: [ view_filter ] --END-- [ RunTime:0.003000s ]
INFO: [ app_end ] --START--
INFO: Run Behavior\ShowPageTraceBehavior [ RunTime:0.003000s ]
INFO: [ app_end ] --END-- [ RunTime:0.005000s ]

[ 2016-06-19T17:44:44+08:00 ] 127.0.0.1 /myphp/index.php/Home/Class/loadClassByPage?pageNo=1&pageSize=10&page=1&rows=10
INFO: [ app_init ] --START--
INFO: Run Behavior\BuildLiteBehavior [ RunTime:0.000000s ]
INFO: [ app_init ] --END-- [ RunTime:0.000000s ]
INFO: [ app_begin ] --START--
INFO: Run Behavior\ReadHtmlCacheBehavior [ RunTime:0.000000s ]
INFO: [ app_begin ] --END-- [ RunTime:0.000000s ]
SQL: SHOW COLUMNS FROM `class` [ RunTime:0.0130s ]
SQL: select count(*) as cc from class c,tb_user u1,tb_user u2 where c.headmaster=u1.uid and u2.uid=c.projectmanager  [ RunTime:0.0000s ]
ERR: 1054:Unknown column 'c.cid' in 'field list'
 [ SQL语句 ] : select c.cid,c.name,c.classtype,c.status,
            c.estatime,c.starttime,c.gradtime,u1.truename headmaster,
            u2.trueName projectmanager,c.remarks,c.porson from class c,tb_user u1,tb_user u2 where c.headmaster=u1.uid and u2.uid=c.projectmanager  limit 0,10
ERR: 1054:Unknown column 'c.cid' in 'field list'
 [ SQL语句 ] : select c.cid,c.name,c.classtype,c.status,
            c.estatime,c.starttime,c.gradtime,u1.truename headmaster,
            u2.trueName projectmanager,c.remarks,c.porson from class c,tb_user u1,tb_user u2 where c.headmaster=u1.uid and u2.uid=c.projectmanager  limit 0,10
NOTIC: [2] Cannot modify header information - headers already sent by (output started at D:\phpapp\myphp\ThinkPHP\Library\Think\Db\Driver.class.php:170) D:\phpapp\myphp\ThinkPHP\Library\Think\Think.class.php 第 229 行.
NOTIC: [2] Cannot modify header information - headers already sent by (output started at D:\phpapp\myphp\ThinkPHP\Library\Think\Db\Driver.class.php:170) D:\phpapp\myphp\ThinkPHP\Library\Think\Think.class.php 第 230 行.

[ 2016-06-19T17:45:18+08:00 ] 127.0.0.1 /myphp/index.php/Home/Class/classMange
INFO: [ app_init ] --START--
INFO: Run Behavior\BuildLiteBehavior [ RunTime:0.000000s ]
INFO: [ app_init ] --END-- [ RunTime:0.004000s ]
INFO: [ app_begin ] --START--
INFO: Run Behavior\ReadHtmlCacheBehavior [ RunTime:0.002000s ]
INFO: [ app_begin ] --END-- [ RunTime:0.004001s ]
SQL: SHOW COLUMNS FROM `class` [ RunTime:0.0322s ]
INFO: [ view_parse ] --START--
INFO: [ template_filter ] --START--
INFO: Run Behavior\ContentReplaceBehavior [ RunTime:0.000000s ]
INFO: [ template_filter ] --END-- [ RunTime:0.016600s ]
INFO: Run Behavior\ParseTemplateBehavior [ RunTime:0.053800s ]
INFO: [ view_parse ] --END-- [ RunTime:0.055800s ]
INFO: [ view_filter ] --START--
INFO: Run Behavior\WriteHtmlCacheBehavior [ RunTime:0.001000s ]
INFO: [ view_filter ] --END-- [ RunTime:0.004001s ]
INFO: [ app_end ] --START--
INFO: Run Behavior\ShowPageTraceBehavior [ RunTime:0.002000s ]
INFO: [ app_end ] --END-- [ RunTime:0.005000s ]

[ 2016-06-19T17:45:20+08:00 ] 127.0.0.1 /myphp/index.php/Home/Class/loadClassByPage?pageNo=1&pageSize=10&page=1&rows=10
INFO: [ app_init ] --START--
INFO: Run Behavior\BuildLiteBehavior [ RunTime:0.001000s ]
INFO: [ app_init ] --END-- [ RunTime:0.004001s ]
INFO: [ app_begin ] --START--
INFO: Run Behavior\ReadHtmlCacheBehavior [ RunTime:0.000000s ]
INFO: [ app_begin ] --END-- [ RunTime:0.015600s ]
SQL: SHOW COLUMNS FROM `class` [ RunTime:0.0226s ]
SQL: select count(*) as cc from class c,tb_user u1,tb_user u2 where c.headmaster=u1.uid and u2.uid=c.projectmanager  [ RunTime:0.0156s ]
ERR: 1054:Unknown column 'c.name' in 'field list'
 [ SQL语句 ] : select c.classid,c.name,c.classtype,c.status,
            c.estatime,c.starttime,c.gradtime,u1.truename headmaster,
            u2.trueName projectmanager,c.remarks,c.porson from class c,tb_user u1,tb_user u2 where c.headmaster=u1.uid and u2.uid=c.projectmanager  limit 0,10
ERR: 1054:Unknown column 'c.name' in 'field list'
 [ SQL语句 ] : select c.classid,c.name,c.classtype,c.status,
            c.estatime,c.starttime,c.gradtime,u1.truename headmaster,
            u2.trueName projectmanager,c.remarks,c.porson from class c,tb_user u1,tb_user u2 where c.headmaster=u1.uid and u2.uid=c.projectmanager  limit 0,10
NOTIC: [2] Cannot modify header information - headers already sent by (output started at D:\phpapp\myphp\ThinkPHP\Library\Think\Db\Driver.class.php:170) D:\phpapp\myphp\ThinkPHP\Library\Think\Think.class.php 第 229 行.
NOTIC: [2] Cannot modify header information - headers already sent by (output started at D:\phpapp\myphp\ThinkPHP\Library\Think\Db\Driver.class.php:170) D:\phpapp\myphp\ThinkPHP\Library\Think\Think.class.php 第 230 行.

[ 2016-06-19T17:45:55+08:00 ] 127.0.0.1 /myphp/index.php/Home/Class/classMange
INFO: [ app_init ] --START--
INFO: Run Behavior\BuildLiteBehavior [ RunTime:0.000000s ]
INFO: [ app_init ] --END-- [ RunTime:0.000000s ]
INFO: [ app_begin ] --START--
INFO: Run Behavior\ReadHtmlCacheBehavior [ RunTime:0.000000s ]
INFO: [ app_begin ] --END-- [ RunTime:0.000000s ]
SQL: SHOW COLUMNS FROM `class` [ RunTime:0.0166s ]
INFO: [ view_parse ] --START--
INFO: [ template_filter ] --START--
INFO: Run Behavior\ContentReplaceBehavior [ RunTime:0.000000s ]
INFO: [ template_filter ] --END-- [ RunTime:0.000000s ]
INFO: Run Behavior\ParseTemplateBehavior [ RunTime:0.047800s ]
INFO: [ view_parse ] --END-- [ RunTime:0.047800s ]
INFO: [ view_filter ] --START--
INFO: Run Behavior\WriteHtmlCacheBehavior [ RunTime:0.000000s ]
INFO: [ view_filter ] --END-- [ RunTime:0.015600s ]
INFO: [ app_end ] --START--
INFO: Run Behavior\ShowPageTraceBehavior [ RunTime:0.000000s ]
INFO: [ app_end ] --END-- [ RunTime:0.000000s ]

[ 2016-06-19T17:45:57+08:00 ] 127.0.0.1 /myphp/index.php/Home/Class/loadClassByPage?pageNo=1&pageSize=10&page=1&rows=10
INFO: [ app_init ] --START--
INFO: Run Behavior\BuildLiteBehavior [ RunTime:0.000000s ]
INFO: [ app_init ] --END-- [ RunTime:0.000000s ]
INFO: [ app_begin ] --START--
INFO: Run Behavior\ReadHtmlCacheBehavior [ RunTime:0.000000s ]
INFO: [ app_begin ] --END-- [ RunTime:0.001000s ]
SQL: SHOW COLUMNS FROM `class` [ RunTime:0.0156s ]
SQL: select count(*) as cc from class c,tb_user u1,tb_user u2 where c.headmaster=u1.uid and u2.uid=c.projectmanager  [ RunTime:0.0000s ]
SQL: select c.classid,c.className,c.classtype,c.status,
            c.estatime,c.starttime,c.gradtime,u1.truename headmaster,
            u2.trueName projectmanager,c.remarks,c.porson from class c,tb_user u1,tb_user u2 where c.headmaster=u1.uid and u2.uid=c.projectmanager  limit 0,10 [ RunTime:0.0156s ]

[ 2016-06-19T17:46:40+08:00 ] 127.0.0.1 /myphp/index.php/Home/Class/classMange
INFO: [ app_init ] --START--
INFO: Run Behavior\BuildLiteBehavior [ RunTime:0.000000s ]
INFO: [ app_init ] --END-- [ RunTime:0.000000s ]
INFO: [ app_begin ] --START--
INFO: Run Behavior\ReadHtmlCacheBehavior [ RunTime:0.001000s ]
INFO: [ app_begin ] --END-- [ RunTime:0.017600s ]
SQL: SHOW COLUMNS FROM `class` [ RunTime:0.0196s ]
INFO: [ view_parse ] --START--
INFO: [ template_filter ] --START--
INFO: Run Behavior\ContentReplaceBehavior [ RunTime:0.001000s ]
INFO: [ template_filter ] --END-- [ RunTime:0.002000s ]
INFO: Run Behavior\ParseTemplateBehavior [ RunTime:0.055801s ]
INFO: [ view_parse ] --END-- [ RunTime:0.055801s ]
INFO: [ view_filter ] --START--
INFO: Run Behavior\WriteHtmlCacheBehavior [ RunTime:0.000000s ]
INFO: [ view_filter ] --END-- [ RunTime:0.000000s ]
INFO: [ app_end ] --START--
INFO: Run Behavior\ShowPageTraceBehavior [ RunTime:0.000000s ]
INFO: [ app_end ] --END-- [ RunTime:0.000000s ]

[ 2016-06-19T17:46:42+08:00 ] 127.0.0.1 /myphp/index.php/Home/Class/loadClassByPage?pageNo=1&pageSize=10&page=1&rows=10
INFO: [ app_init ] --START--
INFO: Run Behavior\BuildLiteBehavior [ RunTime:0.000000s ]
INFO: [ app_init ] --END-- [ RunTime:0.015600s ]
INFO: [ app_begin ] --START--
INFO: Run Behavior\ReadHtmlCacheBehavior [ RunTime:0.000000s ]
INFO: [ app_begin ] --END-- [ RunTime:0.000000s ]
SQL: SHOW COLUMNS FROM `class` [ RunTime:0.0110s ]
SQL: select count(*) as cc from class c,tb_user u1,tb_user u2 where c.headmaster=u1.uid and u2.uid=c.projectmanager  [ RunTime:0.0010s ]
SQL: select c.classid,c.className,c.classtype,c.status,
            c.estatime,c.starttime,c.gradtime,u1.truename headmaster,
            u2.trueName projectmanager,c.remarks,c.porson from class c,tb_user u1,tb_user u2 where c.headmaster=u1.uid and u2.uid=c.projectmanager  limit 0,10 [ RunTime:0.0010s ]

[ 2016-06-19T17:47:14+08:00 ] 127.0.0.1 /myphp/index.php/Home/Class/classMange
INFO: [ app_init ] --START--
INFO: Run Behavior\BuildLiteBehavior [ RunTime:0.000000s ]
INFO: [ app_init ] --END-- [ RunTime:0.000000s ]
INFO: [ app_begin ] --START--
INFO: Run Behavior\ReadHtmlCacheBehavior [ RunTime:0.002000s ]
INFO: [ app_begin ] --END-- [ RunTime:0.004001s ]
SQL: SHOW COLUMNS FROM `class` [ RunTime:0.0290s ]
INFO: [ view_parse ] --START--
INFO: [ template_filter ] --START--
INFO: Run Behavior\ContentReplaceBehavior [ RunTime:0.000000s ]
INFO: [ template_filter ] --END-- [ RunTime:0.000000s ]
INFO: Run Behavior\ParseTemplateBehavior [ RunTime:0.048800s ]
INFO: [ view_parse ] --END-- [ RunTime:0.048800s ]
INFO: [ view_filter ] --START--
INFO: Run Behavior\WriteHtmlCacheBehavior [ RunTime:0.000000s ]
INFO: [ view_filter ] --END-- [ RunTime:0.000000s ]
INFO: [ app_end ] --START--
INFO: Run Behavior\ShowPageTraceBehavior [ RunTime:0.000000s ]
INFO: [ app_end ] --END-- [ RunTime:0.017601s ]

[ 2016-06-19T17:47:16+08:00 ] 127.0.0.1 /myphp/index.php/Home/Class/loadClassByPage?pageNo=1&pageSize=10&page=1&rows=10
INFO: [ app_init ] --START--
INFO: Run Behavior\BuildLiteBehavior [ RunTime:0.000000s ]
INFO: [ app_init ] --END-- [ RunTime:0.000000s ]
INFO: [ app_begin ] --START--
INFO: Run Behavior\ReadHtmlCacheBehavior [ RunTime:0.002000s ]
INFO: [ app_begin ] --END-- [ RunTime:0.003000s ]
SQL: SHOW COLUMNS FROM `class` [ RunTime:0.0070s ]
SQL: select count(*) as cc from class c,tb_user u1,tb_user u2 where c.headmaster=u1.uid and u2.uid=c.projectmanager  [ RunTime:0.0000s ]
SQL: select c.classid,c.className,c.classtype,c.status,
            c.estatime,c.starttime,c.gradtime,u1.truename headmaster,
            u2.trueName projectmanager,c.remarks,c.porson from class c,tb_user u1,tb_user u2 where c.headmaster=u1.uid and u2.uid=c.projectmanager  limit 0,10 [ RunTime:0.0000s ]

[ 2016-06-19T17:48:15+08:00 ] 127.0.0.1 /myphp/index.php/Home/Class/classMange
INFO: [ app_init ] --START--
INFO: Run Behavior\BuildLiteBehavior [ RunTime:0.000000s ]
INFO: [ app_init ] --END-- [ RunTime:0.003000s ]
INFO: [ app_begin ] --START--
INFO: Run Behavior\ReadHtmlCacheBehavior [ RunTime:0.002000s ]
INFO: [ app_begin ] --END-- [ RunTime:0.004000s ]
SQL: SHOW COLUMNS FROM `class` [ RunTime:0.0352s ]
INFO: [ view_parse ] --START--
INFO: [ template_filter ] --START--
INFO: Run Behavior\ContentReplaceBehavior [ RunTime:0.000000s ]
INFO: [ template_filter ] --END-- [ RunTime:0.015600s ]
INFO: Run Behavior\ParseTemplateBehavior [ RunTime:0.056800s ]
INFO: [ view_parse ] --END-- [ RunTime:0.057800s ]
INFO: [ view_filter ] --START--
INFO: Run Behavior\WriteHtmlCacheBehavior [ RunTime:0.002001s ]
INFO: [ view_filter ] --END-- [ RunTime:0.004001s ]
INFO: [ app_end ] --START--
INFO: Run Behavior\ShowPageTraceBehavior [ RunTime:0.002000s ]
INFO: [ app_end ] --END-- [ RunTime:0.004000s ]

[ 2016-06-19T17:48:17+08:00 ] 127.0.0.1 /myphp/index.php/Home/Class/loadClassByPage?pageNo=1&pageSize=10&page=1&rows=10
INFO: [ app_init ] --START--
INFO: Run Behavior\BuildLiteBehavior [ RunTime:0.000000s ]
INFO: [ app_init ] --END-- [ RunTime:0.015600s ]
INFO: [ app_begin ] --START--
INFO: Run Behavior\ReadHtmlCacheBehavior [ RunTime:0.000000s ]
INFO: [ app_begin ] --END-- [ RunTime:0.000000s ]
SQL: SHOW COLUMNS FROM `class` [ RunTime:0.0120s ]
SQL: select count(*) as cc from class c,tb_user u1,tb_user u2 where c.headmaster=u1.uid and u2.uid=c.projectmanager  [ RunTime:0.0000s ]
SQL: select c.classid,c.className,c.classtype,c.status,
            c.estatime,c.starttime,c.gradtime,u1.truename headmaster,
            u2.trueName projectmanager,c.remarks,c.porson from class c,tb_user u1,tb_user u2 where c.headmaster=u1.uid and u2.uid=c.projectmanager  limit 0,10 [ RunTime:0.0000s ]

[ 2016-06-19T17:49:11+08:00 ] 127.0.0.1 /myphp/index.php/Home/Class/classMange
INFO: [ app_init ] --START--
INFO: Run Behavior\BuildLiteBehavior [ RunTime:0.000000s ]
INFO: [ app_init ] --END-- [ RunTime:0.000000s ]
INFO: [ app_begin ] --START--
INFO: Run Behavior\ReadHtmlCacheBehavior [ RunTime:0.002000s ]
INFO: [ app_begin ] --END-- [ RunTime:0.004000s ]
SQL: SHOW COLUMNS FROM `class` [ RunTime:0.0356s ]
INFO: [ view_parse ] --START--
INFO: [ template_filter ] --START--
INFO: Run Behavior\ContentReplaceBehavior [ RunTime:0.000000s ]
INFO: [ template_filter ] --END-- [ RunTime:0.000000s ]
INFO: Run Behavior\ParseTemplateBehavior [ RunTime:0.038200s ]
INFO: [ view_parse ] --END-- [ RunTime:0.055800s ]
INFO: [ view_filter ] --START--
INFO: Run Behavior\WriteHtmlCacheBehavior [ RunTime:0.001000s ]
INFO: [ view_filter ] --END-- [ RunTime:0.004000s ]
INFO: [ app_end ] --START--
INFO: Run Behavior\ShowPageTraceBehavior [ RunTime:0.002000s ]
INFO: [ app_end ] --END-- [ RunTime:0.004000s ]

[ 2016-06-19T17:49:13+08:00 ] 127.0.0.1 /myphp/index.php/Home/Class/loadClassByPage?pageNo=1&pageSize=10&page=1&rows=10
INFO: [ app_init ] --START--
INFO: Run Behavior\BuildLiteBehavior [ RunTime:0.000000s ]
INFO: [ app_init ] --END-- [ RunTime:0.000000s ]
INFO: [ app_begin ] --START--
INFO: Run Behavior\ReadHtmlCacheBehavior [ RunTime:0.001000s ]
INFO: [ app_begin ] --END-- [ RunTime:0.002001s ]
SQL: SHOW COLUMNS FROM `class` [ RunTime:0.0000s ]
SQL: select count(*) as cc from class c,tb_user u1,tb_user u2 where c.headmaster=u1.uid and u2.uid=c.projectmanager  [ RunTime:0.0000s ]
SQL: select c.classid,c.className,c.classtype,c.status,
            c.estatime,c.starttime,c.gradtime,u1.truename headmaster,
            u2.trueName projectmanager,c.remarks,c.porson from class c,tb_user u1,tb_user u2 where c.headmaster=u1.uid and u2.uid=c.projectmanager  limit 0,10 [ RunTime:0.0000s ]

[ 2016-06-19T17:52:54+08:00 ] 127.0.0.1 /myphp/index.php/Home/Class/classMange
INFO: [ app_init ] --START--
INFO: Run Behavior\BuildLiteBehavior [ RunTime:0.001000s ]
INFO: [ app_init ] --END-- [ RunTime:0.017600s ]
INFO: [ app_begin ] --START--
INFO: Run Behavior\ReadHtmlCacheBehavior [ RunTime:0.000000s ]
INFO: [ app_begin ] --END-- [ RunTime:0.000000s ]
SQL: SHOW COLUMNS FROM `class` [ RunTime:0.0306s ]
INFO: [ view_parse ] --START--
INFO: [ template_filter ] --START--
INFO: Run Behavior\ContentReplaceBehavior [ RunTime:0.000000s ]
INFO: [ template_filter ] --END-- [ RunTime:0.000000s ]
INFO: Run Behavior\ParseTemplateBehavior [ RunTime:0.033200s ]
INFO: [ view_parse ] --END-- [ RunTime:0.048800s ]
INFO: [ view_filter ] --START--
INFO: Run Behavior\WriteHtmlCacheBehavior [ RunTime:0.002000s ]
INFO: [ view_filter ] --END-- [ RunTime:0.017600s ]
INFO: [ app_end ] --START--
INFO: Run Behavior\ShowPageTraceBehavior [ RunTime:0.000000s ]
INFO: [ app_end ] --END-- [ RunTime:0.000000s ]

[ 2016-06-19T17:52:56+08:00 ] 127.0.0.1 /myphp/index.php/Home/Class/loadClassByPage?pageNo=1&pageSize=10&page=1&rows=10
INFO: [ app_init ] --START--
INFO: Run Behavior\BuildLiteBehavior [ RunTime:0.000000s ]
INFO: [ app_init ] --END-- [ RunTime:0.000000s ]
INFO: [ app_begin ] --START--
INFO: Run Behavior\ReadHtmlCacheBehavior [ RunTime:0.000000s ]
INFO: [ app_begin ] --END-- [ RunTime:0.000000s ]
SQL: SHOW COLUMNS FROM `class` [ RunTime:0.0000s ]
SQL: select count(*) as cc from class c,tb_user u1,tb_user u2 where c.headmaster=u1.uid and u2.uid=c.projectmanager  [ RunTime:0.0000s ]
SQL: select c.classid,c.className,c.classtype,c.status,
            c.estatime,c.starttime,c.gradtime,u1.truename headmaster,
            u2.trueName projectmanager,c.remarks,c.porson from class c,tb_user u1,tb_user u2 where c.headmaster=u1.uid and u2.uid=c.projectmanager  limit 0,10 [ RunTime:0.0000s ]

[ 2016-06-19T17:53:01+08:00 ] 127.0.0.1 /myphp/index.php/Home/Class/loadClassByPage
INFO: [ app_init ] --START--
INFO: Run Behavior\BuildLiteBehavior [ RunTime:0.000000s ]
INFO: [ app_init ] --END-- [ RunTime:0.000000s ]
INFO: [ app_begin ] --START--
INFO: Run Behavior\ReadHtmlCacheBehavior [ RunTime:0.000000s ]
INFO: [ app_begin ] --END-- [ RunTime:0.000000s ]
SQL: SHOW COLUMNS FROM `class` [ RunTime:0.0060s ]
ERR: 1064:You have an error in your SQL syntax; check the manual that corresponds to your MySQL server version for the right syntax to use near ''%04%' at line 1
 [ SQL语句 ] : select count(*) as cc from class c,tb_user u1,tb_user u2 where c.headmaster=u1.uid and u2.uid=c.projectmanager  and c.className like '%04%
ERR: 1064:You have an error in your SQL syntax; check the manual that corresponds to your MySQL server version for the right syntax to use near ''%04%' at line 1
 [ SQL语句 ] : select count(*) as cc from class c,tb_user u1,tb_user u2 where c.headmaster=u1.uid and u2.uid=c.projectmanager  and c.className like '%04%
NOTIC: [2] Cannot modify header information - headers already sent by (output started at D:\phpapp\myphp\ThinkPHP\Library\Think\Db\Driver.class.php:170) D:\phpapp\myphp\ThinkPHP\Library\Think\Think.class.php 第 229 行.
NOTIC: [2] Cannot modify header information - headers already sent by (output started at D:\phpapp\myphp\ThinkPHP\Library\Think\Db\Driver.class.php:170) D:\phpapp\myphp\ThinkPHP\Library\Think\Think.class.php 第 230 行.

[ 2016-06-19T17:54:46+08:00 ] 127.0.0.1 /myphp/index.php/Home/Class/classMange
INFO: [ app_init ] --START--
INFO: Run Behavior\BuildLiteBehavior [ RunTime:0.000000s ]
INFO: [ app_init ] --END-- [ RunTime:0.000000s ]
INFO: [ app_begin ] --START--
INFO: Run Behavior\ReadHtmlCacheBehavior [ RunTime:0.002000s ]
INFO: [ app_begin ] --END-- [ RunTime:0.004000s ]
SQL: SHOW COLUMNS FROM `class` [ RunTime:0.0090s ]
INFO: [ view_parse ] --START--
INFO: [ template_filter ] --START--
INFO: Run Behavior\ContentReplaceBehavior [ RunTime:0.000000s ]
INFO: [ template_filter ] --END-- [ RunTime:0.000000s ]
INFO: Run Behavior\ParseTemplateBehavior [ RunTime:0.036200s ]
INFO: [ view_parse ] --END-- [ RunTime:0.051800s ]
INFO: [ view_filter ] --START--
INFO: Run Behavior\WriteHtmlCacheBehavior [ RunTime:0.003000s ]
INFO: [ view_filter ] --END-- [ RunTime:0.007001s ]
INFO: [ app_end ] --START--
INFO: Run Behavior\ShowPageTraceBehavior [ RunTime:0.006000s ]
INFO: [ app_end ] --END-- [ RunTime:0.007000s ]

[ 2016-06-19T17:54:48+08:00 ] 127.0.0.1 /myphp/index.php/Home/Class/loadClassByPage?pageNo=1&pageSize=10&page=1&rows=10
INFO: [ app_init ] --START--
INFO: Run Behavior\BuildLiteBehavior [ RunTime:0.000000s ]
INFO: [ app_init ] --END-- [ RunTime:0.000000s ]
INFO: [ app_begin ] --START--
INFO: Run Behavior\ReadHtmlCacheBehavior [ RunTime:0.016600s ]
INFO: [ app_begin ] --END-- [ RunTime:0.016600s ]
SQL: SHOW COLUMNS FROM `class` [ RunTime:0.0120s ]
SQL: select count(*) as cc from class c,tb_user u1,tb_user u2 where c.headmaster=u1.uid and u2.uid=c.projectmanager  [ RunTime:0.0000s ]
SQL: select c.classid,c.className,c.classtype,c.status,
            c.estatime,c.starttime,c.gradtime,u1.truename headmaster,
            u2.trueName projectmanager,c.remarks,c.porson from class c,tb_user u1,tb_user u2 where c.headmaster=u1.uid and u2.uid=c.projectmanager  limit 0,10 [ RunTime:0.0000s ]

[ 2016-06-19T17:54:52+08:00 ] 127.0.0.1 /myphp/index.php/Home/Class/loadClassByPage
INFO: [ app_init ] --START--
INFO: Run Behavior\BuildLiteBehavior [ RunTime:0.000000s ]
INFO: [ app_init ] --END-- [ RunTime:0.003001s ]
INFO: [ app_begin ] --START--
INFO: Run Behavior\ReadHtmlCacheBehavior [ RunTime:0.001000s ]
INFO: [ app_begin ] --END-- [ RunTime:0.003000s ]
SQL: SHOW COLUMNS FROM `class` [ RunTime:0.0070s ]
SQL: select count(*) as cc from class c,tb_user u1,tb_user u2 where c.headmaster=u1.uid and u2.uid=c.projectmanager  and c.className like '%04%' [ RunTime:0.0000s ]
SQL: select c.classid,c.className,c.classtype,c.status,
            c.estatime,c.starttime,c.gradtime,u1.truename headmaster,
            u2.trueName projectmanager,c.remarks,c.porson from class c,tb_user u1,tb_user u2 where c.headmaster=u1.uid and u2.uid=c.projectmanager  and c.className like '%04%' limit 0,10 [ RunTime:0.0000s ]

[ 2016-06-19T17:55:14+08:00 ] 127.0.0.1 /myphp/index.php/Home/Class/loadClassByPage
INFO: [ app_init ] --START--
INFO: Run Behavior\BuildLiteBehavior [ RunTime:0.001000s ]
INFO: [ app_init ] --END-- [ RunTime:0.003000s ]
INFO: [ app_begin ] --START--
INFO: Run Behavior\ReadHtmlCacheBehavior [ RunTime:0.002000s ]
INFO: [ app_begin ] --END-- [ RunTime:0.003000s ]
SQL: SHOW COLUMNS FROM `class` [ RunTime:0.0010s ]
ERR: 1054:Unknown column 'c.createTime' in 'where clause'
 [ SQL语句 ] : select count(*) as cc from class c,tb_user u1,tb_user u2 where c.headmaster=u1.uid and u2.uid=c.projectmanager  and c.className like '%04%' and c.createTime >= '2015-05-04'
ERR: 1054:Unknown column 'c.createTime' in 'where clause'
 [ SQL语句 ] : select count(*) as cc from class c,tb_user u1,tb_user u2 where c.headmaster=u1.uid and u2.uid=c.projectmanager  and c.className like '%04%' and c.createTime >= '2015-05-04'
NOTIC: [2] Cannot modify header information - headers already sent by (output started at D:\phpapp\myphp\ThinkPHP\Library\Think\Db\Driver.class.php:170) D:\phpapp\myphp\ThinkPHP\Library\Think\Think.class.php 第 229 行.
NOTIC: [2] Cannot modify header information - headers already sent by (output started at D:\phpapp\myphp\ThinkPHP\Library\Think\Db\Driver.class.php:170) D:\phpapp\myphp\ThinkPHP\Library\Think\Think.class.php 第 230 行.

[ 2016-06-19T17:55:31+08:00 ] 127.0.0.1 /myphp/index.php/Home/Class/loadClassByPage
INFO: [ app_init ] --START--
INFO: Run Behavior\BuildLiteBehavior [ RunTime:0.001000s ]
INFO: [ app_init ] --END-- [ RunTime:0.007001s ]
INFO: [ app_begin ] --START--
INFO: Run Behavior\ReadHtmlCacheBehavior [ RunTime:0.000000s ]
INFO: [ app_begin ] --END-- [ RunTime:0.000000s ]
SQL: SHOW COLUMNS FROM `class` [ RunTime:0.0176s ]
ERR: 1054:Unknown column 'c.createTime' in 'where clause'
 [ SQL语句 ] : select count(*) as cc from class c,tb_user u1,tb_user u2 where c.headmaster=u1.uid and u2.uid=c.projectmanager  and c.className like '%04%' and c.createTime >= '2015-05-04'
ERR: 1054:Unknown column 'c.createTime' in 'where clause'
 [ SQL语句 ] : select count(*) as cc from class c,tb_user u1,tb_user u2 where c.headmaster=u1.uid and u2.uid=c.projectmanager  and c.className like '%04%' and c.createTime >= '2015-05-04'
NOTIC: [2] Cannot modify header information - headers already sent by (output started at D:\phpapp\myphp\ThinkPHP\Library\Think\Db\Driver.class.php:170) D:\phpapp\myphp\ThinkPHP\Library\Think\Think.class.php 第 229 行.
NOTIC: [2] Cannot modify header information - headers already sent by (output started at D:\phpapp\myphp\ThinkPHP\Library\Think\Db\Driver.class.php:170) D:\phpapp\myphp\ThinkPHP\Library\Think\Think.class.php 第 230 行.

[ 2016-06-19T17:55:45+08:00 ] 127.0.0.1 /myphp/index.php/Home/Class/loadClassByPage
INFO: [ app_init ] --START--
INFO: Run Behavior\BuildLiteBehavior [ RunTime:0.000000s ]
INFO: [ app_init ] --END-- [ RunTime:0.003001s ]
INFO: [ app_begin ] --START--
INFO: Run Behavior\ReadHtmlCacheBehavior [ RunTime:0.001000s ]
INFO: [ app_begin ] --END-- [ RunTime:0.003000s ]
SQL: SHOW COLUMNS FROM `class` [ RunTime:0.0100s ]
SQL: select count(*) as cc from class c,tb_user u1,tb_user u2 where c.headmaster=u1.uid and u2.uid=c.projectmanager  [ RunTime:0.0000s ]
SQL: select c.classid,c.className,c.classtype,c.status,
            c.estatime,c.starttime,c.gradtime,u1.truename headmaster,
            u2.trueName projectmanager,c.remarks,c.porson from class c,tb_user u1,tb_user u2 where c.headmaster=u1.uid and u2.uid=c.projectmanager  limit 0,10 [ RunTime:0.0000s ]

[ 2016-06-19T17:56:56+08:00 ] 127.0.0.1 /myphp/index.php/Home/Class/classMange
INFO: [ app_init ] --START--
INFO: Run Behavior\BuildLiteBehavior [ RunTime:0.000000s ]
INFO: [ app_init ] --END-- [ RunTime:0.000000s ]
INFO: [ app_begin ] --START--
INFO: Run Behavior\ReadHtmlCacheBehavior [ RunTime:0.002000s ]
INFO: [ app_begin ] --END-- [ RunTime:0.004000s ]
SQL: SHOW COLUMNS FROM `class` [ RunTime:0.0000s ]
INFO: [ view_parse ] --START--
INFO: [ template_filter ] --START--
INFO: Run Behavior\ContentReplaceBehavior [ RunTime:0.002000s ]
INFO: [ template_filter ] --END-- [ RunTime:0.017600s ]
INFO: Run Behavior\ParseTemplateBehavior [ RunTime:0.050800s ]
INFO: [ view_parse ] --END-- [ RunTime:0.050800s ]
INFO: [ view_filter ] --START--
INFO: Run Behavior\WriteHtmlCacheBehavior [ RunTime:0.000000s ]
INFO: [ view_filter ] --END-- [ RunTime:0.000000s ]
INFO: [ app_end ] --START--
INFO: Run Behavior\ShowPageTraceBehavior [ RunTime:0.000000s ]
INFO: [ app_end ] --END-- [ RunTime:0.000000s ]

[ 2016-06-19T17:56:58+08:00 ] 127.0.0.1 /myphp/index.php/Home/Class/loadClassByPage?pageNo=1&pageSize=10&page=1&rows=10
INFO: [ app_init ] --START--
INFO: Run Behavior\BuildLiteBehavior [ RunTime:0.000000s ]
INFO: [ app_init ] --END-- [ RunTime:0.000000s ]
INFO: [ app_begin ] --START--
INFO: Run Behavior\ReadHtmlCacheBehavior [ RunTime:0.000000s ]
INFO: [ app_begin ] --END-- [ RunTime:0.001000s ]
SQL: SHOW COLUMNS FROM `class` [ RunTime:0.0130s ]
SQL: select count(*) as cc from class c,tb_user u1,tb_user u2 where c.headmaster=u1.uid and u2.uid=c.projectmanager  [ RunTime:0.0000s ]
SQL: select c.classid,c.className,c.classtype,c.status,
            c.estatime,c.starttime,c.gradtime,u1.truename headmaster,
            u2.trueName projectmanager,c.remarks,c.porson from class c,tb_user u1,tb_user u2 where c.headmaster=u1.uid and u2.uid=c.projectmanager  limit 0,10 [ RunTime:0.0000s ]

[ 2016-06-19T17:57:06+08:00 ] 127.0.0.1 /myphp/index.php/Home/Class/loadClassByPage
INFO: [ app_init ] --START--
INFO: Run Behavior\BuildLiteBehavior [ RunTime:0.000000s ]
INFO: [ app_init ] --END-- [ RunTime:0.000000s ]
INFO: [ app_begin ] --START--
INFO: Run Behavior\ReadHtmlCacheBehavior [ RunTime:0.000000s ]
INFO: [ app_begin ] --END-- [ RunTime:0.000000s ]
SQL: SHOW COLUMNS FROM `class` [ RunTime:0.0156s ]
ERR: 1054:Unknown column 'c.createTime' in 'where clause'
 [ SQL语句 ] : select count(*) as cc from class c,tb_user u1,tb_user u2 where c.headmaster=u1.uid and u2.uid=c.projectmanager  and c.createTime >= '2016-06-12'
ERR: 1054:Unknown column 'c.createTime' in 'where clause'
 [ SQL语句 ] : select count(*) as cc from class c,tb_user u1,tb_user u2 where c.headmaster=u1.uid and u2.uid=c.projectmanager  and c.createTime >= '2016-06-12'
NOTIC: [2] Cannot modify header information - headers already sent by (output started at D:\phpapp\myphp\ThinkPHP\Library\Think\Db\Driver.class.php:170) D:\phpapp\myphp\ThinkPHP\Library\Think\Think.class.php 第 229 行.
NOTIC: [2] Cannot modify header information - headers already sent by (output started at D:\phpapp\myphp\ThinkPHP\Library\Think\Db\Driver.class.php:170) D:\phpapp\myphp\ThinkPHP\Library\Think\Think.class.php 第 230 行.

[ 2016-06-19T17:57:10+08:00 ] 127.0.0.1 /myphp/index.php/Home/Class/loadClassByPage
INFO: [ app_init ] --START--
INFO: Run Behavior\BuildLiteBehavior [ RunTime:0.000000s ]
INFO: [ app_init ] --END-- [ RunTime:0.003000s ]
INFO: [ app_begin ] --START--
INFO: Run Behavior\ReadHtmlCacheBehavior [ RunTime:0.002000s ]
INFO: [ app_begin ] --END-- [ RunTime:0.003000s ]
SQL: SHOW COLUMNS FROM `class` [ RunTime:0.0130s ]
ERR: 1054:Unknown column 'c.createTime' in 'where clause'
 [ SQL语句 ] : select count(*) as cc from class c,tb_user u1,tb_user u2 where c.headmaster=u1.uid and u2.uid=c.projectmanager  and c.createTime >= '2016-06-12'
ERR: 1054:Unknown column 'c.createTime' in 'where clause'
 [ SQL语句 ] : select count(*) as cc from class c,tb_user u1,tb_user u2 where c.headmaster=u1.uid and u2.uid=c.projectmanager  and c.createTime >= '2016-06-12'
NOTIC: [2] Cannot modify header information - headers already sent by (output started at D:\phpapp\myphp\ThinkPHP\Library\Think\Db\Driver.class.php:170) D:\phpapp\myphp\ThinkPHP\Library\Think\Think.class.php 第 229 行.
NOTIC: [2] Cannot modify header information - headers already sent by (output started at D:\phpapp\myphp\ThinkPHP\Library\Think\Db\Driver.class.php:170) D:\phpapp\myphp\ThinkPHP\Library\Think\Think.class.php 第 230 行.

[ 2016-06-19T18:00:23+08:00 ] 127.0.0.1 /myphp/index.php/Home/Class/classMange
INFO: [ app_init ] --START--
INFO: Run Behavior\BuildLiteBehavior [ RunTime:0.000000s ]
INFO: [ app_init ] --END-- [ RunTime:0.000000s ]
INFO: [ app_begin ] --START--
INFO: Run Behavior\ReadHtmlCacheBehavior [ RunTime:0.002000s ]
INFO: [ app_begin ] --END-- [ RunTime:0.005000s ]
SQL: SHOW COLUMNS FROM `class` [ RunTime:0.0176s ]
INFO: [ view_parse ] --START--
INFO: [ template_filter ] --START--
INFO: Run Behavior\ContentReplaceBehavior [ RunTime:0.015600s ]
INFO: [ template_filter ] --END-- [ RunTime:0.015600s ]
INFO: Run Behavior\ParseTemplateBehavior [ RunTime:0.048800s ]
INFO: [ view_parse ] --END-- [ RunTime:0.048800s ]
INFO: [ view_filter ] --START--
INFO: Run Behavior\WriteHtmlCacheBehavior [ RunTime:0.000000s ]
INFO: [ view_filter ] --END-- [ RunTime:0.000000s ]
INFO: [ app_end ] --START--
INFO: Run Behavior\ShowPageTraceBehavior [ RunTime:0.000000s ]
INFO: [ app_end ] --END-- [ RunTime:0.000000s ]

[ 2016-06-19T18:00:25+08:00 ] 127.0.0.1 /myphp/index.php/Home/Class/loadClassByPage?pageNo=1&pageSize=10&page=1&rows=10
INFO: [ app_init ] --START--
INFO: Run Behavior\BuildLiteBehavior [ RunTime:0.000000s ]
INFO: [ app_init ] --END-- [ RunTime:0.000000s ]
INFO: [ app_begin ] --START--
INFO: Run Behavior\ReadHtmlCacheBehavior [ RunTime:0.000000s ]
INFO: [ app_begin ] --END-- [ RunTime:0.001000s ]
SQL: SHOW COLUMNS FROM `class` [ RunTime:0.0000s ]
SQL: select count(*) as cc from class c,tb_user u1,tb_user u2 where c.headmaster=u1.uid and u2.uid=c.projectmanager  [ RunTime:0.0000s ]
SQL: select c.classid,c.className,c.classtype,c.status,
            c.estatime,c.starttime,c.gradtime,u1.truename headmaster,
            u2.trueName projectmanager,c.remarks,c.porson from class c,tb_user u1,tb_user u2 where c.headmaster=u1.uid and u2.uid=c.projectmanager  limit 0,10 [ RunTime:0.0000s ]

[ 2016-06-19T18:00:32+08:00 ] 127.0.0.1 /myphp/index.php/Home/Class/loadClassByPage
INFO: [ app_init ] --START--
INFO: Run Behavior\BuildLiteBehavior [ RunTime:0.000000s ]
INFO: [ app_init ] --END-- [ RunTime:0.000000s ]
INFO: [ app_begin ] --START--
INFO: Run Behavior\ReadHtmlCacheBehavior [ RunTime:0.015601s ]
INFO: [ app_begin ] --END-- [ RunTime:0.015601s ]
SQL: SHOW COLUMNS FROM `class` [ RunTime:0.0176s ]
SQL: select count(*) as cc from class c,tb_user u1,tb_user u2 where c.headmaster=u1.uid and u2.uid=c.projectmanager  and c.estaTime >= '2016-06-12' [ RunTime:0.0156s ]
SQL: select c.classid,c.className,c.classtype,c.status,
            c.estatime,c.starttime,c.gradtime,u1.truename headmaster,
            u2.trueName projectmanager,c.remarks,c.porson from class c,tb_user u1,tb_user u2 where c.headmaster=u1.uid and u2.uid=c.projectmanager  and c.estaTime >= '2016-06-12' limit 0,10 [ RunTime:0.0000s ]

[ 2016-06-19T18:00:42+08:00 ] 127.0.0.1 /myphp/index.php/Home/Class/classMange
INFO: [ app_init ] --START--
INFO: Run Behavior\BuildLiteBehavior [ RunTime:0.000000s ]
INFO: [ app_init ] --END-- [ RunTime:0.015600s ]
INFO: [ app_begin ] --START--
INFO: Run Behavior\ReadHtmlCacheBehavior [ RunTime:0.002000s ]
INFO: [ app_begin ] --END-- [ RunTime:0.004000s ]
SQL: SHOW COLUMNS FROM `class` [ RunTime:0.0156s ]
INFO: [ view_parse ] --START--
INFO: [ template_filter ] --START--
INFO: Run Behavior\ContentReplaceBehavior [ RunTime:0.001000s ]
INFO: [ template_filter ] --END-- [ RunTime:0.003000s ]
INFO: Run Behavior\ParseTemplateBehavior [ RunTime:0.054201s ]
INFO: [ view_parse ] --END-- [ RunTime:0.055201s ]
INFO: [ view_filter ] --START--
INFO: Run Behavior\WriteHtmlCacheBehavior [ RunTime:0.002000s ]
INFO: [ view_filter ] --END-- [ RunTime:0.004000s ]
INFO: [ app_end ] --START--
INFO: Run Behavior\ShowPageTraceBehavior [ RunTime:0.003000s ]
INFO: [ app_end ] --END-- [ RunTime:0.005000s ]

[ 2016-06-19T18:00:44+08:00 ] 127.0.0.1 /myphp/index.php/Home/Class/loadClassByPage?pageNo=1&pageSize=10&page=1&rows=10
INFO: [ app_init ] --START--
INFO: Run Behavior\BuildLiteBehavior [ RunTime:0.000000s ]
INFO: [ app_init ] --END-- [ RunTime:0.000000s ]
INFO: [ app_begin ] --START--
INFO: Run Behavior\ReadHtmlCacheBehavior [ RunTime:0.015600s ]
INFO: [ app_begin ] --END-- [ RunTime:0.015600s ]
SQL: SHOW COLUMNS FROM `class` [ RunTime:0.0110s ]
SQL: select count(*) as cc from class c,tb_user u1,tb_user u2 where c.headmaster=u1.uid and u2.uid=c.projectmanager  [ RunTime:0.0000s ]
SQL: select c.classid,c.className,c.classtype,c.status,
            c.estatime,c.starttime,c.gradtime,u1.truename headmaster,
            u2.trueName projectmanager,c.remarks,c.porson from class c,tb_user u1,tb_user u2 where c.headmaster=u1.uid and u2.uid=c.projectmanager  limit 0,10 [ RunTime:0.0000s ]

[ 2016-06-19T18:00:54+08:00 ] 127.0.0.1 /myphp/index.php/Home/Class/loadClassByPage
INFO: [ app_init ] --START--
INFO: Run Behavior\BuildLiteBehavior [ RunTime:0.015600s ]
INFO: [ app_init ] --END-- [ RunTime:0.015600s ]
INFO: [ app_begin ] --START--
INFO: Run Behavior\ReadHtmlCacheBehavior [ RunTime:0.001000s ]
INFO: [ app_begin ] --END-- [ RunTime:0.003000s ]
SQL: SHOW COLUMNS FROM `class` [ RunTime:0.0000s ]
SQL: select count(*) as cc from class c,tb_user u1,tb_user u2 where c.headmaster=u1.uid and u2.uid=c.projectmanager  and c.estaTime <= '2016-06-14' [ RunTime:0.0000s ]
SQL: select c.classid,c.className,c.classtype,c.status,
            c.estatime,c.starttime,c.gradtime,u1.truename headmaster,
            u2.trueName projectmanager,c.remarks,c.porson from class c,tb_user u1,tb_user u2 where c.headmaster=u1.uid and u2.uid=c.projectmanager  and c.estaTime <= '2016-06-14' limit 0,10 [ RunTime:0.0000s ]

[ 2016-06-19T18:05:40+08:00 ] 127.0.0.1 /myphp/index.php/Home/Class/classMange
INFO: [ app_init ] --START--
INFO: Run Behavior\BuildLiteBehavior [ RunTime:0.015600s ]
INFO: [ app_init ] --END-- [ RunTime:0.015600s ]
INFO: [ app_begin ] --START--
INFO: Run Behavior\ReadHtmlCacheBehavior [ RunTime:0.000000s ]
INFO: [ app_begin ] --END-- [ RunTime:0.000000s ]
SQL: SHOW COLUMNS FROM `class` [ RunTime:0.0080s ]
INFO: [ view_parse ] --START--
INFO: [ template_filter ] --START--
INFO: Run Behavior\ContentReplaceBehavior [ RunTime:0.000000s ]
INFO: [ template_filter ] --END-- [ RunTime:0.000000s ]
INFO: Run Behavior\ParseTemplateBehavior [ RunTime:0.033201s ]
INFO: [ view_parse ] --END-- [ RunTime:0.033201s ]
INFO: [ view_filter ] --START--
INFO: Run Behavior\WriteHtmlCacheBehavior [ RunTime:0.000000s ]
INFO: [ view_filter ] --END-- [ RunTime:0.000000s ]
INFO: [ app_end ] --START--
INFO: Run Behavior\ShowPageTraceBehavior [ RunTime:0.000000s ]
INFO: [ app_end ] --END-- [ RunTime:0.015600s ]

[ 2016-06-19T18:05:42+08:00 ] 127.0.0.1 /myphp/index.php/Home/Class/loadClassByPage?pageNo=1&pageSize=10&page=1&rows=10
INFO: [ app_init ] --START--
INFO: Run Behavior\BuildLiteBehavior [ RunTime:0.000000s ]
INFO: [ app_init ] --END-- [ RunTime:0.015600s ]
INFO: [ app_begin ] --START--
INFO: Run Behavior\ReadHtmlCacheBehavior [ RunTime:0.000000s ]
INFO: [ app_begin ] --END-- [ RunTime:0.000000s ]
SQL: SHOW COLUMNS FROM `class` [ RunTime:0.0166s ]
SQL: select count(*) as cc from class c,tb_user u1,tb_user u2 where c.headmaster=u1.uid and u2.uid=c.projectmanager  [ RunTime:0.0000s ]
SQL: select c.classid,c.className,c.classtype,c.status,
            c.estatime,c.starttime,c.gradtime,u1.truename headmaster,
            u2.trueName projectmanager,c.remarks,c.porson from class c,tb_user u1,tb_user u2 where c.headmaster=u1.uid and u2.uid=c.projectmanager  limit 0,10 [ RunTime:0.0000s ]

[ 2016-06-19T18:06:11+08:00 ] 127.0.0.1 /myphp/index.php/Home/Class/loadClassByPage
INFO: [ app_init ] --START--
INFO: Run Behavior\BuildLiteBehavior [ RunTime:0.001000s ]
INFO: [ app_init ] --END-- [ RunTime:0.003000s ]
INFO: [ app_begin ] --START--
INFO: Run Behavior\ReadHtmlCacheBehavior [ RunTime:0.002000s ]
INFO: [ app_begin ] --END-- [ RunTime:0.003000s ]
SQL: SHOW COLUMNS FROM `class` [ RunTime:0.0156s ]
SQL: select count(*) as cc from class c,tb_user u1,tb_user u2 where c.headmaster=u1.uid and u2.uid=c.projectmanager  and c.estaTime <= '2016-06-15' [ RunTime:0.0000s ]
SQL: select c.classid,c.className,c.classtype,c.status,
            c.estatime,c.starttime,c.gradtime,u1.truename headmaster,
            u2.trueName projectmanager,c.remarks,c.porson from class c,tb_user u1,tb_user u2 where c.headmaster=u1.uid and u2.uid=c.projectmanager  and c.estaTime <= '2016-06-15' limit 0,10 [ RunTime:0.0000s ]

[ 2016-06-19T18:06:25+08:00 ] 127.0.0.1 /myphp/index.php/Home/Class/loadClassByPage
INFO: [ app_init ] --START--
INFO: Run Behavior\BuildLiteBehavior [ RunTime:0.001000s ]
INFO: [ app_init ] --END-- [ RunTime:0.003000s ]
INFO: [ app_begin ] --START--
INFO: Run Behavior\ReadHtmlCacheBehavior [ RunTime:0.002000s ]
INFO: [ app_begin ] --END-- [ RunTime:0.004001s ]
SQL: SHOW COLUMNS FROM `class` [ RunTime:0.0176s ]
SQL: select count(*) as cc from class c,tb_user u1,tb_user u2 where c.headmaster=u1.uid and u2.uid=c.projectmanager  and c.estaTime <= '2016-06-15' [ RunTime:0.0000s ]
SQL: select c.classid,c.className,c.classtype,c.status,
            c.estatime,c.starttime,c.gradtime,u1.truename headmaster,
            u2.trueName projectmanager,c.remarks,c.porson from class c,tb_user u1,tb_user u2 where c.headmaster=u1.uid and u2.uid=c.projectmanager  and c.estaTime <= '2016-06-15' limit 0,10 [ RunTime:0.0000s ]

[ 2016-06-19T18:06:33+08:00 ] 127.0.0.1 /myphp/index.php/Home/Class/classMange
INFO: [ app_init ] --START--
INFO: Run Behavior\BuildLiteBehavior [ RunTime:0.000000s ]
INFO: [ app_init ] --END-- [ RunTime:0.002000s ]
INFO: [ app_begin ] --START--
INFO: Run Behavior\ReadHtmlCacheBehavior [ RunTime:0.000000s ]
INFO: [ app_begin ] --END-- [ RunTime:0.000000s ]
SQL: SHOW COLUMNS FROM `class` [ RunTime:0.0156s ]
INFO: [ view_parse ] --START--
INFO: [ template_filter ] --START--
INFO: Run Behavior\ContentReplaceBehavior [ RunTime:0.000000s ]
INFO: [ template_filter ] --END-- [ RunTime:0.017600s ]
INFO: Run Behavior\ParseTemplateBehavior [ RunTime:0.050800s ]
INFO: [ view_parse ] --END-- [ RunTime:0.050800s ]
INFO: [ view_filter ] --START--
INFO: Run Behavior\WriteHtmlCacheBehavior [ RunTime:0.000000s ]
INFO: [ view_filter ] --END-- [ RunTime:0.000000s ]
INFO: [ app_end ] --START--
INFO: Run Behavior\ShowPageTraceBehavior [ RunTime:0.000000s ]
INFO: [ app_end ] --END-- [ RunTime:0.000000s ]

[ 2016-06-19T18:06:35+08:00 ] 127.0.0.1 /myphp/index.php/Home/Class/loadClassByPage?pageNo=1&pageSize=10&page=1&rows=10
INFO: [ app_init ] --START--
INFO: Run Behavior\BuildLiteBehavior [ RunTime:0.000000s ]
INFO: [ app_init ] --END-- [ RunTime:0.000000s ]
INFO: [ app_begin ] --START--
INFO: Run Behavior\ReadHtmlCacheBehavior [ RunTime:0.015600s ]
INFO: [ app_begin ] --END-- [ RunTime:0.015600s ]
SQL: SHOW COLUMNS FROM `class` [ RunTime:0.0000s ]
SQL: select count(*) as cc from class c,tb_user u1,tb_user u2 where c.headmaster=u1.uid and u2.uid=c.projectmanager  [ RunTime:0.0000s ]
SQL: select c.classid,c.className,c.classtype,c.status,
            c.estatime,c.starttime,c.gradtime,u1.truename headmaster,
            u2.trueName projectmanager,c.remarks,c.porson from class c,tb_user u1,tb_user u2 where c.headmaster=u1.uid and u2.uid=c.projectmanager  limit 0,10 [ RunTime:0.0000s ]

[ 2016-06-19T18:06:44+08:00 ] 127.0.0.1 /myphp/index.php/Home/Class/loadClassByPage
INFO: [ app_init ] --START--
INFO: Run Behavior\BuildLiteBehavior [ RunTime:0.000000s ]
INFO: [ app_init ] --END-- [ RunTime:0.000000s ]
INFO: [ app_begin ] --START--
INFO: Run Behavior\ReadHtmlCacheBehavior [ RunTime:0.000000s ]
INFO: [ app_begin ] --END-- [ RunTime:0.000000s ]
SQL: SHOW COLUMNS FROM `class` [ RunTime:0.0166s ]
SQL: select count(*) as cc from class c,tb_user u1,tb_user u2 where c.headmaster=u1.uid and u2.uid=c.projectmanager  and c.status = 3 [ RunTime:0.0000s ]
SQL: select c.classid,c.className,c.classtype,c.status,
            c.estatime,c.starttime,c.gradtime,u1.truename headmaster,
            u2.trueName projectmanager,c.remarks,c.porson from class c,tb_user u1,tb_user u2 where c.headmaster=u1.uid and u2.uid=c.projectmanager  and c.status = 3 limit 0,10 [ RunTime:0.0000s ]

[ 2016-06-19T18:06:53+08:00 ] 127.0.0.1 /myphp/index.php/Home/Class/loadClassByPage
INFO: [ app_init ] --START--
INFO: Run Behavior\BuildLiteBehavior [ RunTime:0.001000s ]
INFO: [ app_init ] --END-- [ RunTime:0.003000s ]
INFO: [ app_begin ] --START--
INFO: Run Behavior\ReadHtmlCacheBehavior [ RunTime:0.002000s ]
INFO: [ app_begin ] --END-- [ RunTime:0.003000s ]
SQL: SHOW COLUMNS FROM `class` [ RunTime:0.0000s ]
SQL: select count(*) as cc from class c,tb_user u1,tb_user u2 where c.headmaster=u1.uid and u2.uid=c.projectmanager  [ RunTime:0.0000s ]
SQL: select c.classid,c.className,c.classtype,c.status,
            c.estatime,c.starttime,c.gradtime,u1.truename headmaster,
            u2.trueName projectmanager,c.remarks,c.porson from class c,tb_user u1,tb_user u2 where c.headmaster=u1.uid and u2.uid=c.projectmanager  limit 0,10 [ RunTime:0.0000s ]

[ 2016-06-19T18:07:10+08:00 ] 127.0.0.1 /myphp/index.php/Home/Class/loadClassByPage
INFO: [ app_init ] --START--
INFO: Run Behavior\BuildLiteBehavior [ RunTime:0.000000s ]
INFO: [ app_init ] --END-- [ RunTime:0.015600s ]
INFO: [ app_begin ] --START--
INFO: Run Behavior\ReadHtmlCacheBehavior [ RunTime:0.002000s ]
INFO: [ app_begin ] --END-- [ RunTime:0.003000s ]
SQL: SHOW COLUMNS FROM `class` [ RunTime:0.0156s ]
SQL: select count(*) as cc from class c,tb_user u1,tb_user u2 where c.headmaster=u1.uid and u2.uid=c.projectmanager  and c.status = 3 [ RunTime:0.0020s ]
SQL: select c.classid,c.className,c.classtype,c.status,
            c.estatime,c.starttime,c.gradtime,u1.truename headmaster,
            u2.trueName projectmanager,c.remarks,c.porson from class c,tb_user u1,tb_user u2 where c.headmaster=u1.uid and u2.uid=c.projectmanager  and c.status = 3 limit 0,10 [ RunTime:0.0000s ]

[ 2016-06-19T18:08:40+08:00 ] 127.0.0.1 /myphp/index.php/Home/Class/classMange
INFO: [ app_init ] --START--
INFO: Run Behavior\BuildLiteBehavior [ RunTime:0.000000s ]
INFO: [ app_init ] --END-- [ RunTime:0.000000s ]
INFO: [ app_begin ] --START--
INFO: Run Behavior\ReadHtmlCacheBehavior [ RunTime:0.000000s ]
INFO: [ app_begin ] --END-- [ RunTime:0.000000s ]
SQL: SHOW COLUMNS FROM `class` [ RunTime:0.1200s ]
INFO: [ view_parse ] --START--
INFO: [ template_filter ] --START--
INFO: Run Behavior\ContentReplaceBehavior [ RunTime:0.015600s ]
INFO: [ template_filter ] --END-- [ RunTime:0.016600s ]
INFO: Run Behavior\ParseTemplateBehavior [ RunTime:0.037201s ]
INFO: [ view_parse ] --END-- [ RunTime:0.038201s ]
INFO: [ view_filter ] --START--
INFO: Run Behavior\WriteHtmlCacheBehavior [ RunTime:0.000000s ]
INFO: [ view_filter ] --END-- [ RunTime:0.000000s ]
INFO: [ app_end ] --START--
INFO: Run Behavior\ShowPageTraceBehavior [ RunTime:0.000000s ]
INFO: [ app_end ] --END-- [ RunTime:0.000000s ]

[ 2016-06-19T18:08:43+08:00 ] 127.0.0.1 /myphp/index.php/Home/Class/loadClassByPage?pageNo=1&pageSize=10&page=1&rows=10
INFO: [ app_init ] --START--
INFO: Run Behavior\BuildLiteBehavior [ RunTime:0.000000s ]
INFO: [ app_init ] --END-- [ RunTime:0.000000s ]
INFO: [ app_begin ] --START--
INFO: Run Behavior\ReadHtmlCacheBehavior [ RunTime:0.000000s ]
INFO: [ app_begin ] --END-- [ RunTime:0.000000s ]
SQL: SHOW COLUMNS FROM `class` [ RunTime:0.0130s ]
SQL: select count(*) as cc from class c,tb_user u1,tb_user u2 where c.headmaster=u1.uid and u2.uid=c.projectmanager  [ RunTime:0.0000s ]
SQL: select c.classid,c.className,c.classtype,c.status,
            c.estatime,c.starttime,c.gradtime,u1.truename headmaster,
            u2.trueName projectmanager,c.remarks,c.porson from class c,tb_user u1,tb_user u2 where c.headmaster=u1.uid and u2.uid=c.projectmanager  limit 0,10 [ RunTime:0.0000s ]

[ 2016-06-19T18:09:04+08:00 ] 127.0.0.1 /myphp/index.php/Home/Class/loadClassByPage
INFO: [ app_init ] --START--
INFO: Run Behavior\BuildLiteBehavior [ RunTime:0.000000s ]
INFO: [ app_init ] --END-- [ RunTime:0.000000s ]
INFO: [ app_begin ] --START--
INFO: Run Behavior\ReadHtmlCacheBehavior [ RunTime:0.001000s ]
INFO: [ app_begin ] --END-- [ RunTime:0.003000s ]
SQL: SHOW COLUMNS FROM `class` [ RunTime:0.0120s ]
SQL: select count(*) as cc from class c,tb_user u1,tb_user u2 where c.headmaster=u1.uid and u2.uid=c.projectmanager  and c.startTime >= '2016-06-12' [ RunTime:0.0000s ]
SQL: select c.classid,c.className,c.classtype,c.status,
            c.estatime,c.starttime,c.gradtime,u1.truename headmaster,
            u2.trueName projectmanager,c.remarks,c.porson from class c,tb_user u1,tb_user u2 where c.headmaster=u1.uid and u2.uid=c.projectmanager  and c.startTime >= '2016-06-12' limit 0,10 [ RunTime:0.0000s ]

[ 2016-06-19T18:09:12+08:00 ] 127.0.0.1 /myphp/index.php/Home/Class/classMange
INFO: [ app_init ] --START--
INFO: Run Behavior\BuildLiteBehavior [ RunTime:0.000000s ]
INFO: [ app_init ] --END-- [ RunTime:0.004000s ]
INFO: [ app_begin ] --START--
INFO: Run Behavior\ReadHtmlCacheBehavior [ RunTime:0.003000s ]
INFO: [ app_begin ] --END-- [ RunTime:0.005000s ]
SQL: SHOW COLUMNS FROM `class` [ RunTime:0.0150s ]
INFO: [ view_parse ] --START--
INFO: [ template_filter ] --START--
INFO: Run Behavior\ContentReplaceBehavior [ RunTime:0.002000s ]
INFO: [ template_filter ] --END-- [ RunTime:0.005000s ]
INFO: Run Behavior\ParseTemplateBehavior [ RunTime:0.043003s ]
INFO: [ view_parse ] --END-- [ RunTime:0.046003s ]
INFO: [ view_filter ] --START--
INFO: Run Behavior\WriteHtmlCacheBehavior [ RunTime:0.002000s ]
INFO: [ view_filter ] --END-- [ RunTime:0.007000s ]
INFO: [ app_end ] --START--
INFO: Run Behavior\ShowPageTraceBehavior [ RunTime:0.002001s ]
INFO: [ app_end ] --END-- [ RunTime:0.004001s ]

[ 2016-06-19T18:09:14+08:00 ] 127.0.0.1 /myphp/index.php/Home/Class/loadClassByPage?pageNo=1&pageSize=10&page=1&rows=10
INFO: [ app_init ] --START--
INFO: Run Behavior\BuildLiteBehavior [ RunTime:0.001000s ]
INFO: [ app_init ] --END-- [ RunTime:0.003001s ]
INFO: [ app_begin ] --START--
INFO: Run Behavior\ReadHtmlCacheBehavior [ RunTime:0.002000s ]
INFO: [ app_begin ] --END-- [ RunTime:0.003000s ]
SQL: SHOW COLUMNS FROM `class` [ RunTime:0.0130s ]
SQL: select count(*) as cc from class c,tb_user u1,tb_user u2 where c.headmaster=u1.uid and u2.uid=c.projectmanager  [ RunTime:0.0010s ]
SQL: select c.classid,c.className,c.classtype,c.status,
            c.estatime,c.starttime,c.gradtime,u1.truename headmaster,
            u2.trueName projectmanager,c.remarks,c.porson from class c,tb_user u1,tb_user u2 where c.headmaster=u1.uid and u2.uid=c.projectmanager  limit 0,10 [ RunTime:0.0040s ]

[ 2016-06-19T18:09:29+08:00 ] 127.0.0.1 /myphp/index.php/Home/Class/loadClassByPage
INFO: [ app_init ] --START--
INFO: Run Behavior\BuildLiteBehavior [ RunTime:0.000000s ]
INFO: [ app_init ] --END-- [ RunTime:0.003000s ]
INFO: [ app_begin ] --START--
INFO: Run Behavior\ReadHtmlCacheBehavior [ RunTime:0.001000s ]
INFO: [ app_begin ] --END-- [ RunTime:0.003000s ]
SQL: SHOW COLUMNS FROM `class` [ RunTime:0.0120s ]
SQL: select count(*) as cc from class c,tb_user u1,tb_user u2 where c.headmaster=u1.uid and u2.uid=c.projectmanager  and c.startTime <= '2016-06-08' [ RunTime:0.0010s ]
SQL: select c.classid,c.className,c.classtype,c.status,
            c.estatime,c.starttime,c.gradtime,u1.truename headmaster,
            u2.trueName projectmanager,c.remarks,c.porson from class c,tb_user u1,tb_user u2 where c.headmaster=u1.uid and u2.uid=c.projectmanager  and c.startTime <= '2016-06-08' limit 0,10 [ RunTime:0.0010s ]

[ 2016-06-19T18:09:35+08:00 ] 127.0.0.1 /myphp/index.php/Home/Class/classMange
INFO: [ app_init ] --START--
INFO: Run Behavior\BuildLiteBehavior [ RunTime:0.000000s ]
INFO: [ app_init ] --END-- [ RunTime:0.003000s ]
INFO: [ app_begin ] --START--
INFO: Run Behavior\ReadHtmlCacheBehavior [ RunTime:0.002001s ]
INFO: [ app_begin ] --END-- [ RunTime:0.004001s ]
SQL: SHOW COLUMNS FROM `class` [ RunTime:0.0160s ]
INFO: [ view_parse ] --START--
INFO: [ template_filter ] --START--
INFO: Run Behavior\ContentReplaceBehavior [ RunTime:0.001000s ]
INFO: [ template_filter ] --END-- [ RunTime:0.005000s ]
INFO: Run Behavior\ParseTemplateBehavior [ RunTime:0.044003s ]
INFO: [ view_parse ] --END-- [ RunTime:0.048003s ]
INFO: [ view_filter ] --START--
INFO: Run Behavior\WriteHtmlCacheBehavior [ RunTime:0.004000s ]
INFO: [ view_filter ] --END-- [ RunTime:0.006000s ]
INFO: [ app_end ] --START--
INFO: Run Behavior\ShowPageTraceBehavior [ RunTime:0.002000s ]
INFO: [ app_end ] --END-- [ RunTime:0.005001s ]

[ 2016-06-19T18:09:37+08:00 ] 127.0.0.1 /myphp/index.php/Home/Class/loadClassByPage?pageNo=1&pageSize=10&page=1&rows=10
INFO: [ app_init ] --START--
INFO: Run Behavior\BuildLiteBehavior [ RunTime:0.001000s ]
INFO: [ app_init ] --END-- [ RunTime:0.007001s ]
INFO: [ app_begin ] --START--
INFO: Run Behavior\ReadHtmlCacheBehavior [ RunTime:0.002000s ]
INFO: [ app_begin ] --END-- [ RunTime:0.003000s ]
SQL: SHOW COLUMNS FROM `class` [ RunTime:0.0170s ]
SQL: select count(*) as cc from class c,tb_user u1,tb_user u2 where c.headmaster=u1.uid and u2.uid=c.projectmanager  [ RunTime:0.0050s ]
SQL: select c.classid,c.className,c.classtype,c.status,
            c.estatime,c.starttime,c.gradtime,u1.truename headmaster,
            u2.trueName projectmanager,c.remarks,c.porson from class c,tb_user u1,tb_user u2 where c.headmaster=u1.uid and u2.uid=c.projectmanager  limit 0,10 [ RunTime:0.0020s ]

[ 2016-06-19T18:09:56+08:00 ] 127.0.0.1 /myphp/index.php/Home/Class/loadClassByPage
INFO: [ app_init ] --START--
INFO: Run Behavior\BuildLiteBehavior [ RunTime:0.001000s ]
INFO: [ app_init ] --END-- [ RunTime:0.003000s ]
INFO: [ app_begin ] --START--
INFO: Run Behavior\ReadHtmlCacheBehavior [ RunTime:0.001000s ]
INFO: [ app_begin ] --END-- [ RunTime:0.003001s ]
SQL: SHOW COLUMNS FROM `class` [ RunTime:0.0156s ]
SQL: select count(*) as cc from class c,tb_user u1,tb_user u2 where c.headmaster=u1.uid and u2.uid=c.projectmanager  and c.gradTime >= '2016-09-02' [ RunTime:0.0000s ]
SQL: select c.classid,c.className,c.classtype,c.status,
            c.estatime,c.starttime,c.gradtime,u1.truename headmaster,
            u2.trueName projectmanager,c.remarks,c.porson from class c,tb_user u1,tb_user u2 where c.headmaster=u1.uid and u2.uid=c.projectmanager  and c.gradTime >= '2016-09-02' limit 0,10 [ RunTime:0.0000s ]

[ 2016-06-19T18:10:09+08:00 ] 127.0.0.1 /myphp/index.php/Home/Class/loadClassByPage
INFO: [ app_init ] --START--
INFO: Run Behavior\BuildLiteBehavior [ RunTime:0.000000s ]
INFO: [ app_init ] --END-- [ RunTime:0.000000s ]
INFO: [ app_begin ] --START--
INFO: Run Behavior\ReadHtmlCacheBehavior [ RunTime:0.000000s ]
INFO: [ app_begin ] --END-- [ RunTime:0.000000s ]
SQL: SHOW COLUMNS FROM `class` [ RunTime:0.0166s ]
SQL: select count(*) as cc from class c,tb_user u1,tb_user u2 where c.headmaster=u1.uid and u2.uid=c.projectmanager  and c.gradTime <= '2016-06-15' [ RunTime:0.0000s ]
SQL: select c.classid,c.className,c.classtype,c.status,
            c.estatime,c.starttime,c.gradtime,u1.truename headmaster,
            u2.trueName projectmanager,c.remarks,c.porson from class c,tb_user u1,tb_user u2 where c.headmaster=u1.uid and u2.uid=c.projectmanager  and c.gradTime <= '2016-06-15' limit 0,10 [ RunTime:0.0000s ]

