[ 2016-06-16T10:48:21+08:00 ] 127.0.0.1 /myphp/index.php/tttt/name/123456
INFO: [ app_init ] --START--
INFO: Run Behavior\BuildLiteBehavior [ RunTime:0.000000s ]
INFO: [ app_init ] --END-- [ RunTime:0.003000s ]
ERR: 无法加载模块:Tttt

[ 2016-06-16T10:49:36+08:00 ] 127.0.0.1 /myphp/index.php/tttt/name/123456
INFO: [ app_init ] --START--
INFO: Run Behavior\BuildLiteBehavior [ RunTime:0.000000s ]
INFO: [ app_init ] --END-- [ RunTime:0.003000s ]
ERR: 无法加载模块:Tttt

[ 2016-06-16T10:49:39+08:00 ] 127.0.0.1 /myphp/index.php/tttt/name/123456
INFO: [ app_init ] --START--
INFO: Run Behavior\BuildLiteBehavior [ RunTime:0.000000s ]
INFO: [ app_init ] --END-- [ RunTime:0.005000s ]
ERR: 无法加载模块:Tttt

[ 2016-06-16T10:50:45+08:00 ] 127.0.0.1 /myphp/index.php/tttt/name/123456
INFO: [ app_init ] --START--
INFO: Run Behavior\BuildLiteBehavior [ RunTime:0.001000s ]
INFO: [ app_init ] --END-- [ RunTime:0.003000s ]
ERR: 无法加载模块:Tttt

[ 2016-06-16T10:53:18+08:00 ] 127.0.0.1 /myphp/index.php/tttt/name/123456
INFO: [ app_init ] --START--
INFO: Run Behavior\BuildLiteBehavior [ RunTime:0.001000s ]
INFO: [ app_init ] --END-- [ RunTime:0.004000s ]
ERR: 无法加载模块:Tttt

[ 2016-06-16T10:53:56+08:00 ] 127.0.0.1 /myphp/index.php/test/tttt/name/123456
INFO: [ app_init ] --START--
INFO: Run Behavior\BuildLiteBehavior [ RunTime:0.000000s ]
INFO: [ app_init ] --END-- [ RunTime:0.000000s ]
ERR: 无法加载模块:Test

[ 2016-06-16T10:54:25+08:00 ] 127.0.0.1 /myphp/index.php/tttt/name/123456
INFO: [ app_init ] --START--
INFO: Run Behavior\BuildLiteBehavior [ RunTime:0.000000s ]
INFO: [ app_init ] --END-- [ RunTime:0.003000s ]
ERR: 无法加载模块:Tttt

[ 2016-06-16T10:54:50+08:00 ] 127.0.0.1 /myphp/index.php/tttt/name/123456
INFO: [ app_init ] --START--
INFO: Run Behavior\BuildLiteBehavior [ RunTime:0.000000s ]
INFO: [ app_init ] --END-- [ RunTime:0.003000s ]
ERR: 无法加载模块:Tttt

[ 2016-06-16T10:55:16+08:00 ] 127.0.0.1 /myphp/index.php/tttt/name/123456
INFO: [ app_init ] --START--
INFO: Run Behavior\BuildLiteBehavior [ RunTime:0.001000s ]
INFO: [ app_init ] --END-- [ RunTime:0.004001s ]
ERR: 无法加载模块:Tttt

[ 2016-06-16T10:55:17+08:00 ] 127.0.0.1 /myphp/index.php/tttt/name/123456
INFO: [ app_init ] --START--
INFO: Run Behavior\BuildLiteBehavior [ RunTime:0.000000s ]
INFO: [ app_init ] --END-- [ RunTime:0.003000s ]
ERR: 无法加载模块:Tttt

[ 2016-06-16T10:55:17+08:00 ] 127.0.0.1 /myphp/index.php/tttt/name/123456
INFO: [ app_init ] --START--
INFO: Run Behavior\BuildLiteBehavior [ RunTime:0.001000s ]
INFO: [ app_init ] --END-- [ RunTime:0.018600s ]
ERR: 无法加载模块:Tttt

[ 2016-06-16T10:55:17+08:00 ] 127.0.0.1 /myphp/index.php/tttt/name/123456
INFO: [ app_init ] --START--
INFO: Run Behavior\BuildLiteBehavior [ RunTime:0.000000s ]
INFO: [ app_init ] --END-- [ RunTime:0.003000s ]
ERR: 无法加载模块:Tttt

[ 2016-06-16T10:56:01+08:00 ] 127.0.0.1 /myphp/index.php/tttt/name/123456
INFO: [ app_init ] --START--
INFO: Run Behavior\BuildLiteBehavior [ RunTime:0.001000s ]
INFO: [ app_init ] --END-- [ RunTime:0.004000s ]
ERR: 无法加载模块:Tttt

[ 2016-06-16T10:56:01+08:00 ] 127.0.0.1 /myphp/index.php/tttt/name/123456
INFO: [ app_init ] --START--
INFO: Run Behavior\BuildLiteBehavior [ RunTime:0.000000s ]
INFO: [ app_init ] --END-- [ RunTime:0.004000s ]
ERR: 无法加载模块:Tttt

[ 2016-06-16T10:56:02+08:00 ] 127.0.0.1 /myphp/index.php/tttt/name/123456
INFO: [ app_init ] --START--
INFO: Run Behavior\BuildLiteBehavior [ RunTime:0.001000s ]
INFO: [ app_init ] --END-- [ RunTime:0.003000s ]
ERR: 无法加载模块:Tttt

[ 2016-06-16T10:56:27+08:00 ] 127.0.0.1 /myphp/index.php/tttt/name/123456
INFO: [ app_init ] --START--
INFO: Run Behavior\BuildLiteBehavior [ RunTime:0.001000s ]
INFO: [ app_init ] --END-- [ RunTime:0.005000s ]
ERR: 无法加载模块:Tttt

[ 2016-06-16T11:00:37+08:00 ] 127.0.0.1 /myphp/index.php/tttt/name/123456
INFO: [ app_init ] --START--
INFO: Run Behavior\BuildLiteBehavior [ RunTime:0.000000s ]
INFO: [ app_init ] --END-- [ RunTime:0.003001s ]
ERR: 无法加载模块:Tttt

[ 2016-06-16T11:00:47+08:00 ] 127.0.0.1 /myphp/index.php/tttt/ddd/123456
INFO: [ app_init ] --START--
INFO: Run Behavior\BuildLiteBehavior [ RunTime:0.000000s ]
INFO: [ app_init ] --END-- [ RunTime:0.003000s ]
ERR: 无法加载模块:Tttt

